{"/Users/luansilveira/dev/ai-coverage-improver/apps/backend/src/root.module.ts": {"path":"/Users/luansilveira/dev/ai-coverage-improver/apps/backend/src/root.module.ts","statementMap":{"0":{"start":{"line":1,"column":0},"end":{"line":1,"column":40}},"1":{"start":{"line":2,"column":0},"end":{"line":2,"column":45}},"2":{"start":{"line":13,"column":7},"end":{"line":13,"column":null}},"3":{"start":{"line":13,"column":13},"end":{"line":13,"column":22}},"4":{"start":{"line":13,"column":13},"end":{"line":13,"column":null}}},"fnMap":{},"branchMap":{},"s":{"0":2,"1":2,"2":2,"3":2,"4":2},"f":{},"b":{}}
,"/Users/luansilveira/dev/ai-coverage-improver/apps/backend/src/api/api.module.ts": {"path":"/Users/luansilveira/dev/ai-coverage-improver/apps/backend/src/api/api.module.ts","statementMap":{"0":{"start":{"line":1,"column":0},"end":{"line":1,"column":40}},"1":{"start":{"line":2,"column":0},"end":{"line":2,"column":70}},"2":{"start":{"line":3,"column":0},"end":{"line":3,"column":72}},"3":{"start":{"line":4,"column":0},"end":{"line":4,"column":68}},"4":{"start":{"line":5,"column":0},"end":{"line":5,"column":70}},"5":{"start":{"line":6,"column":0},"end":{"line":6,"column":76}},"6":{"start":{"line":7,"column":0},"end":{"line":7,"column":84}},"7":{"start":{"line":18,"column":7},"end":{"line":18,"column":null}},"8":{"start":{"line":18,"column":13},"end":{"line":18,"column":22}},"9":{"start":{"line":18,"column":13},"end":{"line":18,"column":null}}},"fnMap":{},"branchMap":{},"s":{"0":2,"1":2,"2":2,"3":2,"4":2,"5":2,"6":2,"7":2,"8":2,"9":2},"f":{},"b":{}}
,"/Users/luansilveira/dev/ai-coverage-improver/apps/backend/src/api/http/controllers/auth.controller.ts": {"path":"/Users/luansilveira/dev/ai-coverage-improver/apps/backend/src/api/http/controllers/auth.controller.ts","statementMap":{"0":{"start":{"line":1,"column":0},"end":{"line":1,"column":72}},"1":{"start":{"line":3,"column":0},"end":{"line":3,"column":103}},"2":{"start":{"line":4,"column":0},"end":{"line":4,"column":109}},"3":{"start":{"line":7,"column":7},"end":{"line":46,"column":null}},"4":{"start":{"line":9,"column":21},"end":{"line":9,"column":47}},"5":{"start":{"line":10,"column":21},"end":{"line":10,"column":50}},"6":{"start":{"line":12,"column":4},"end":{"line":12,"column":46}},"7":{"start":{"line":13,"column":4},"end":{"line":13,"column":75}},"8":{"start":{"line":14,"column":4},"end":{"line":14,"column":81}},"9":{"start":{"line":23,"column":28},"end":{"line":26,"column":6}},"10":{"start":{"line":28,"column":4},"end":{"line":28,"column":30}},"11":{"start":{"line":38,"column":21},"end":{"line":42,"column":6}},"12":{"start":{"line":44,"column":4},"end":{"line":44,"column":44}},"13":{"start":{"line":7,"column":13},"end":{"line":7,"column":27}},"14":{"start":{"line":18,"column":8},"end":{"line":29,"column":null}},"15":{"start":{"line":32,"column":8},"end":{"line":45,"column":null}},"16":{"start":{"line":7,"column":13},"end":{"line":46,"column":null}}},"fnMap":{"0":{"name":"(anonymous_4)","decl":{"start":{"line":8,"column":2},"end":{"line":8,"column":null}},"loc":{"start":{"line":10,"column":77},"end":{"line":15,"column":3}}},"1":{"name":"(anonymous_5)","decl":{"start":{"line":18,"column":2},"end":{"line":18,"column":7}},"loc":{"start":{"line":21,"column":40},"end":{"line":29,"column":3}}},"2":{"name":"(anonymous_6)","decl":{"start":{"line":32,"column":2},"end":{"line":32,"column":7}},"loc":{"start":{"line":36,"column":24},"end":{"line":45,"column":3}}}},"branchMap":{},"s":{"0":2,"1":2,"2":2,"3":2,"4":2,"5":2,"6":2,"7":2,"8":2,"9":0,"10":0,"11":0,"12":0,"13":2,"14":2,"15":2,"16":2},"f":{"0":2,"1":0,"2":0},"b":{}}
,"/Users/luansilveira/dev/ai-coverage-improver/apps/backend/src/api/http/controllers/coverage.controller.ts": {"path":"/Users/luansilveira/dev/ai-coverage-improver/apps/backend/src/api/http/controllers/coverage.controller.ts","statementMap":{"0":{"start":{"line":1,"column":0},"end":{"line":1,"column":84}},"1":{"start":{"line":3,"column":0},"end":{"line":3,"column":123}},"2":{"start":{"line":6,"column":7},"end":{"line":35,"column":null}},"3":{"start":{"line":8,"column":21},"end":{"line":8,"column":57}},"4":{"start":{"line":13,"column":20},"end":{"line":13,"column":38}},"5":{"start":{"line":14,"column":24},"end":{"line":14,"column":44}},"6":{"start":{"line":16,"column":4},"end":{"line":18,"column":5}},"7":{"start":{"line":17,"column":6},"end":{"line":17,"column":59}},"8":{"start":{"line":20,"column":25},"end":{"line":23,"column":6}},"9":{"start":{"line":25,"column":4},"end":{"line":25,"column":70}},"10":{"start":{"line":27,"column":4},"end":{"line":33,"column":6}},"11":{"start":{"line":6,"column":13},"end":{"line":6,"column":31}},"12":{"start":{"line":12,"column":8},"end":{"line":34,"column":null}},"13":{"start":{"line":6,"column":13},"end":{"line":35,"column":null}}},"fnMap":{"0":{"name":"(anonymous_4)","decl":{"start":{"line":7,"column":2},"end":{"line":7,"column":null}},"loc":{"start":{"line":8,"column":91},"end":{"line":9,"column":6}}},"1":{"name":"(anonymous_5)","decl":{"start":{"line":12,"column":2},"end":{"line":12,"column":7}},"loc":{"start":{"line":12,"column":72},"end":{"line":34,"column":3}}}},"branchMap":{"0":{"loc":{"start":{"line":16,"column":4},"end":{"line":18,"column":5}},"type":"if","locations":[{"start":{"line":16,"column":4},"end":{"line":18,"column":5}}]}},"s":{"0":2,"1":2,"2":2,"3":2,"4":1,"5":1,"6":1,"7":1,"8":0,"9":0,"10":0,"11":2,"12":2,"13":2},"f":{"0":2,"1":1},"b":{"0":[1]}}
,"/Users/luansilveira/dev/ai-coverage-improver/apps/backend/src/api/http/controllers/health.controller.ts": {"path":"/Users/luansilveira/dev/ai-coverage-improver/apps/backend/src/api/http/controllers/health.controller.ts","statementMap":{"0":{"start":{"line":1,"column":0},"end":{"line":1,"column":49}},"1":{"start":{"line":4,"column":7},"end":{"line":9,"column":null}},"2":{"start":{"line":7,"column":4},"end":{"line":7,"column":28}},"3":{"start":{"line":4,"column":13},"end":{"line":4,"column":29}},"4":{"start":{"line":6,"column":2},"end":{"line":8,"column":null}},"5":{"start":{"line":4,"column":13},"end":{"line":9,"column":null}}},"fnMap":{"0":{"name":"(anonymous_2)","decl":{"start":{"line":6,"column":2},"end":{"line":6,"column":5}},"loc":{"start":{"line":6,"column":5},"end":{"line":8,"column":3}}}},"branchMap":{},"s":{"0":2,"1":2,"2":0,"3":2,"4":2,"5":2},"f":{"0":0},"b":{}}
,"/Users/luansilveira/dev/ai-coverage-improver/apps/backend/src/api/http/controllers/improvements.controller.ts": {"path":"/Users/luansilveira/dev/ai-coverage-improver/apps/backend/src/api/http/controllers/improvements.controller.ts","statementMap":{"0":{"start":{"line":1,"column":0},"end":{"line":1,"column":63}},"1":{"start":{"line":2,"column":0},"end":{"line":2,"column":125}},"2":{"start":{"line":10,"column":7},"end":{"line":33,"column":null}},"3":{"start":{"line":12,"column":21},"end":{"line":12,"column":58}},"4":{"start":{"line":21,"column":28},"end":{"line":25,"column":6}},"5":{"start":{"line":28,"column":4},"end":{"line":31,"column":6}},"6":{"start":{"line":10,"column":13},"end":{"line":10,"column":35}},"7":{"start":{"line":16,"column":8},"end":{"line":32,"column":null}},"8":{"start":{"line":10,"column":13},"end":{"line":33,"column":null}}},"fnMap":{"0":{"name":"(anonymous_4)","decl":{"start":{"line":11,"column":2},"end":{"line":11,"column":null}},"loc":{"start":{"line":12,"column":93},"end":{"line":13,"column":6}}},"1":{"name":"(anonymous_5)","decl":{"start":{"line":16,"column":2},"end":{"line":16,"column":7}},"loc":{"start":{"line":18,"column":40},"end":{"line":32,"column":3}}}},"branchMap":{},"s":{"0":2,"1":2,"2":2,"3":2,"4":8,"5":6,"6":2,"7":2,"8":2},"f":{"0":2,"1":8},"b":{}}
,"/Users/luansilveira/dev/ai-coverage-improver/apps/backend/src/api/http/controllers/repos.controller.ts": {"path":"/Users/luansilveira/dev/ai-coverage-improver/apps/backend/src/api/http/controllers/repos.controller.ts","statementMap":{"0":{"start":{"line":1,"column":0},"end":{"line":1,"column":77}},"1":{"start":{"line":3,"column":0},"end":{"line":3,"column":129}},"2":{"start":{"line":6,"column":7},"end":{"line":28,"column":null}},"3":{"start":{"line":8,"column":21},"end":{"line":8,"column":60}},"4":{"start":{"line":13,"column":20},"end":{"line":13,"column":38}},"5":{"start":{"line":14,"column":24},"end":{"line":14,"column":44}},"6":{"start":{"line":15,"column":17},"end":{"line":15,"column":30}},"7":{"start":{"line":17,"column":4},"end":{"line":19,"column":5}},"8":{"start":{"line":18,"column":6},"end":{"line":18,"column":59}},"9":{"start":{"line":21,"column":18},"end":{"line":24,"column":6}},"10":{"start":{"line":26,"column":4},"end":{"line":26,"column":21}},"11":{"start":{"line":6,"column":13},"end":{"line":6,"column":28}},"12":{"start":{"line":12,"column":8},"end":{"line":27,"column":null}},"13":{"start":{"line":6,"column":13},"end":{"line":28,"column":null}}},"fnMap":{"0":{"name":"(anonymous_4)","decl":{"start":{"line":7,"column":2},"end":{"line":7,"column":null}},"loc":{"start":{"line":8,"column":97},"end":{"line":9,"column":6}}},"1":{"name":"(anonymous_5)","decl":{"start":{"line":12,"column":2},"end":{"line":12,"column":7}},"loc":{"start":{"line":12,"column":32},"end":{"line":27,"column":3}}}},"branchMap":{"0":{"loc":{"start":{"line":17,"column":4},"end":{"line":19,"column":5}},"type":"if","locations":[{"start":{"line":17,"column":4},"end":{"line":19,"column":5}}]},"1":{"loc":{"start":{"line":17,"column":8},"end":{"line":17,"column":29}},"type":"binary-expr","locations":[{"start":{"line":17,"column":8},"end":{"line":17,"column":20}},{"start":{"line":17,"column":24},"end":{"line":17,"column":29}}]}},"s":{"0":2,"1":2,"2":2,"3":2,"4":1,"5":1,"6":1,"7":1,"8":1,"9":0,"10":0,"11":2,"12":2,"13":2},"f":{"0":2,"1":1},"b":{"0":[1],"1":[1,0]}}
,"/Users/luansilveira/dev/ai-coverage-improver/apps/backend/src/application/application.module.ts": {"path":"/Users/luansilveira/dev/ai-coverage-improver/apps/backend/src/application/application.module.ts","statementMap":{"0":{"start":{"line":1,"column":0},"end":{"line":1,"column":40}},"1":{"start":{"line":2,"column":0},"end":{"line":2,"column":79}},"2":{"start":{"line":3,"column":0},"end":{"line":3,"column":110}},"3":{"start":{"line":4,"column":0},"end":{"line":4,"column":104}},"4":{"start":{"line":5,"column":0},"end":{"line":5,"column":106}},"5":{"start":{"line":6,"column":0},"end":{"line":6,"column":98}},"6":{"start":{"line":7,"column":0},"end":{"line":7,"column":84}},"7":{"start":{"line":8,"column":0},"end":{"line":8,"column":90}},"8":{"start":{"line":34,"column":7},"end":{"line":34,"column":null}},"9":{"start":{"line":34,"column":13},"end":{"line":34,"column":30}},"10":{"start":{"line":34,"column":13},"end":{"line":34,"column":null}}},"fnMap":{},"branchMap":{},"s":{"0":2,"1":2,"2":2,"3":2,"4":2,"5":2,"6":2,"7":2,"8":2,"9":2,"10":2},"f":{},"b":{}}
,"/Users/luansilveira/dev/ai-coverage-improver/apps/backend/src/application/operations/analyze-repository-coverage.operation.ts": {"path":"/Users/luansilveira/dev/ai-coverage-improver/apps/backend/src/application/operations/analyze-repository-coverage.operation.ts","statementMap":{"0":{"start":{"line":1,"column":0},"end":{"line":1,"column":63}},"1":{"start":{"line":2,"column":0},"end":{"line":2,"column":83}},"2":{"start":{"line":3,"column":0},"end":{"line":3,"column":85}},"3":{"start":{"line":4,"column":0},"end":{"line":4,"column":92}},"4":{"start":{"line":5,"column":0},"end":{"line":5,"column":81}},"5":{"start":{"line":6,"column":0},"end":{"line":6,"column":66}},"6":{"start":{"line":25,"column":7},"end":{"line":79,"column":null}},"7":{"start":{"line":26,"column":43},"end":{"line":26,"column":45}},"8":{"start":{"line":29,"column":21},"end":{"line":29,"column":43}},"9":{"start":{"line":30,"column":21},"end":{"line":30,"column":44}},"10":{"start":{"line":31,"column":21},"end":{"line":31,"column":41}},"11":{"start":{"line":36,"column":19},"end":{"line":36,"column":79}},"12":{"start":{"line":37,"column":4},"end":{"line":39,"column":5}},"13":{"start":{"line":38,"column":6},"end":{"line":38,"column":70}},"14":{"start":{"line":42,"column":25},"end":{"line":42,"column":57}},"15":{"start":{"line":43,"column":19},"end":{"line":46,"column":null}},"16":{"start":{"line":50,"column":25},"end":{"line":50,"column":73}},"17":{"start":{"line":51,"column":4},"end":{"line":51,"column":78}},"18":{"start":{"line":52,"column":19},"end":{"line":56,"column":6}},"19":{"start":{"line":59,"column":21},"end":{"line":64,"column":null}},"20":{"start":{"line":68,"column":4},"end":{"line":75,"column":7}},"21":{"start":{"line":77,"column":4},"end":{"line":77,"column":24}},"22":{"start":{"line":25,"column":13},"end":{"line":25,"column":47}},"23":{"start":{"line":25,"column":13},"end":{"line":79,"column":null}}},"fnMap":{"0":{"name":"(anonymous_2)","decl":{"start":{"line":28,"column":2},"end":{"line":28,"column":null}},"loc":{"start":{"line":31,"column":59},"end":{"line":32,"column":6}}},"1":{"name":"(anonymous_3)","decl":{"start":{"line":34,"column":2},"end":{"line":34,"column":7}},"loc":{"start":{"line":34,"column":53},"end":{"line":78,"column":3}}}},"branchMap":{"0":{"loc":{"start":{"line":37,"column":4},"end":{"line":39,"column":5}},"type":"if","locations":[{"start":{"line":37,"column":4},"end":{"line":39,"column":5}}]},"1":{"loc":{"start":{"line":50,"column":25},"end":{"line":50,"column":73}},"type":"binary-expr","locations":[{"start":{"line":50,"column":25},"end":{"line":50,"column":43}},{"start":{"line":50,"column":47},"end":{"line":50,"column":73}}]}},"s":{"0":2,"1":2,"2":2,"3":2,"4":2,"5":2,"6":2,"7":2,"8":2,"9":2,"10":2,"11":0,"12":0,"13":0,"14":0,"15":0,"16":0,"17":0,"18":0,"19":0,"20":0,"21":0,"22":2,"23":2},"f":{"0":2,"1":0},"b":{"0":[0],"1":[0,0]}}
,"/Users/luansilveira/dev/ai-coverage-improver/apps/backend/src/application/operations/complete-github-auth.operation.ts": {"path":"/Users/luansilveira/dev/ai-coverage-improver/apps/backend/src/application/operations/complete-github-auth.operation.ts","statementMap":{"0":{"start":{"line":1,"column":0},"end":{"line":1,"column":65}},"1":{"start":{"line":2,"column":0},"end":{"line":2,"column":77}},"2":{"start":{"line":3,"column":0},"end":{"line":3,"column":89}},"3":{"start":{"line":26,"column":7},"end":{"line":75,"column":null}},"4":{"start":{"line":28,"column":21},"end":{"line":28,"column":34}},"5":{"start":{"line":29,"column":21},"end":{"line":29,"column":45}},"6":{"start":{"line":33,"column":4},"end":{"line":35,"column":5}},"7":{"start":{"line":34,"column":6},"end":{"line":34,"column":58}},"8":{"start":{"line":36,"column":4},"end":{"line":38,"column":5}},"9":{"start":{"line":37,"column":6},"end":{"line":37,"column":59}},"10":{"start":{"line":40,"column":4},"end":{"line":44,"column":5}},"11":{"start":{"line":41,"column":6},"end":{"line":41,"column":75}},"12":{"start":{"line":43,"column":6},"end":{"line":43,"column":59}},"13":{"start":{"line":46,"column":48},"end":{"line":46,"column":95}},"14":{"start":{"line":48,"column":4},"end":{"line":54,"column":5}},"15":{"start":{"line":49,"column":6},"end":{"line":53,"column":9}},"16":{"start":{"line":56,"column":4},"end":{"line":65,"column":5}},"17":{"start":{"line":57,"column":6},"end":{"line":61,"column":8}},"18":{"start":{"line":62,"column":6},"end":{"line":62,"column":46}},"19":{"start":{"line":63,"column":6},"end":{"line":63,"column":43}},"20":{"start":{"line":64,"column":6},"end":{"line":64,"column":41}},"21":{"start":{"line":67,"column":4},"end":{"line":73,"column":6}},"22":{"start":{"line":26,"column":13},"end":{"line":26,"column":40}},"23":{"start":{"line":26,"column":13},"end":{"line":75,"column":null}}},"fnMap":{"0":{"name":"(anonymous_2)","decl":{"start":{"line":27,"column":2},"end":{"line":27,"column":null}},"loc":{"start":{"line":29,"column":67},"end":{"line":30,"column":6}}},"1":{"name":"(anonymous_3)","decl":{"start":{"line":32,"column":2},"end":{"line":32,"column":7}},"loc":{"start":{"line":32,"column":46},"end":{"line":74,"column":3}}}},"branchMap":{"0":{"loc":{"start":{"line":33,"column":4},"end":{"line":35,"column":5}},"type":"if","locations":[{"start":{"line":33,"column":4},"end":{"line":35,"column":5}}]},"1":{"loc":{"start":{"line":36,"column":4},"end":{"line":38,"column":5}},"type":"if","locations":[{"start":{"line":36,"column":4},"end":{"line":38,"column":5}}]},"2":{"loc":{"start":{"line":48,"column":4},"end":{"line":54,"column":5}},"type":"if","locations":[{"start":{"line":48,"column":4},"end":{"line":54,"column":5}}]},"3":{"loc":{"start":{"line":56,"column":4},"end":{"line":65,"column":5}},"type":"if","locations":[{"start":{"line":56,"column":4},"end":{"line":65,"column":5}}]}},"s":{"0":2,"1":2,"2":2,"3":2,"4":2,"5":2,"6":0,"7":0,"8":0,"9":0,"10":0,"11":0,"12":0,"13":0,"14":0,"15":0,"16":0,"17":0,"18":0,"19":0,"20":0,"21":0,"22":2,"23":2},"f":{"0":2,"1":0},"b":{"0":[0],"1":[0],"2":[0],"3":[0]}}
,"/Users/luansilveira/dev/ai-coverage-improver/apps/backend/src/application/operations/list-installation-repositories.operation.ts": {"path":"/Users/luansilveira/dev/ai-coverage-improver/apps/backend/src/application/operations/list-installation-repositories.operation.ts","statementMap":{"0":{"start":{"line":1,"column":0},"end":{"line":1,"column":67}},"1":{"start":{"line":2,"column":0},"end":{"line":2,"column":79}},"2":{"start":{"line":3,"column":0},"end":{"line":3,"column":85}},"3":{"start":{"line":4,"column":0},"end":{"line":4,"column":53}},"4":{"start":{"line":18,"column":7},"end":{"line":55,"column":null}},"5":{"start":{"line":20,"column":21},"end":{"line":20,"column":41}},"6":{"start":{"line":21,"column":21},"end":{"line":21,"column":43}},"7":{"start":{"line":25,"column":4},"end":{"line":27,"column":5}},"8":{"start":{"line":26,"column":6},"end":{"line":26,"column":63}},"9":{"start":{"line":29,"column":24},"end":{"line":29,"column":101}},"10":{"start":{"line":30,"column":4},"end":{"line":30,"column":76}},"11":{"start":{"line":32,"column":27},"end":{"line":50,"column":null}},"12":{"start":{"line":34,"column":23},"end":{"line":40,"column":10}},"13":{"start":{"line":42,"column":8},"end":{"line":49,"column":10}},"14":{"start":{"line":52,"column":26},"end":{"line":52,"column":97}},"15":{"start":{"line":52,"column":78},"end":{"line":52,"column":96}},"16":{"start":{"line":53,"column":4},"end":{"line":53,"column":25}},"17":{"start":{"line":18,"column":13},"end":{"line":18,"column":50}},"18":{"start":{"line":18,"column":13},"end":{"line":55,"column":null}}},"fnMap":{"0":{"name":"(anonymous_2)","decl":{"start":{"line":19,"column":2},"end":{"line":19,"column":null}},"loc":{"start":{"line":21,"column":63},"end":{"line":22,"column":6}}},"1":{"name":"(anonymous_3)","decl":{"start":{"line":24,"column":2},"end":{"line":24,"column":7}},"loc":{"start":{"line":24,"column":56},"end":{"line":54,"column":3}}},"2":{"name":"(anonymous_4)","decl":{"start":{"line":33,"column":22},"end":{"line":33,"column":27}},"loc":{"start":{"line":33,"column":37},"end":{"line":50,"column":7}}},"3":{"name":"(anonymous_5)","decl":{"start":{"line":52,"column":48},"end":{"line":52,"column":49}},"loc":{"start":{"line":52,"column":78},"end":{"line":52,"column":96}}}},"branchMap":{"0":{"loc":{"start":{"line":25,"column":4},"end":{"line":27,"column":5}},"type":"if","locations":[{"start":{"line":25,"column":4},"end":{"line":27,"column":5}}]},"1":{"loc":{"start":{"line":39,"column":26},"end":{"line":39,"column":54}},"type":"binary-expr","locations":[{"start":{"line":39,"column":26},"end":{"line":39,"column":46}},{"start":{"line":39,"column":50},"end":{"line":39,"column":54}}]},"2":{"loc":{"start":{"line":48,"column":10},"end":{"line":48,"column":44}},"type":"binary-expr","locations":[{"start":{"line":48,"column":10},"end":{"line":48,"column":31}},{"start":{"line":48,"column":35},"end":{"line":48,"column":44}}]}},"s":{"0":2,"1":2,"2":2,"3":2,"4":2,"5":2,"6":2,"7":0,"8":0,"9":0,"10":0,"11":0,"12":0,"13":0,"14":0,"15":0,"16":0,"17":2,"18":2},"f":{"0":2,"1":0,"2":0,"3":0},"b":{"0":[0],"1":[0,0],"2":[0,0]}}
,"/Users/luansilveira/dev/ai-coverage-improver/apps/backend/src/application/operations/request-coverage-improvement.operation.ts": {"path":"/Users/luansilveira/dev/ai-coverage-improver/apps/backend/src/application/operations/request-coverage-improvement.operation.ts","statementMap":{"0":{"start":{"line":1,"column":0},"end":{"line":1,"column":84}},"1":{"start":{"line":2,"column":0},"end":{"line":2,"column":85}},"2":{"start":{"line":3,"column":0},"end":{"line":3,"column":71}},"3":{"start":{"line":4,"column":0},"end":{"line":4,"column":62}},"4":{"start":{"line":5,"column":0},"end":{"line":5,"column":62}},"5":{"start":{"line":25,"column":7},"end":{"line":75,"column":null}},"6":{"start":{"line":27,"column":21},"end":{"line":27,"column":43}},"7":{"start":{"line":28,"column":21},"end":{"line":28,"column":36}},"8":{"start":{"line":29,"column":21},"end":{"line":29,"column":28}},"9":{"start":{"line":34,"column":4},"end":{"line":36,"column":5}},"10":{"start":{"line":35,"column":6},"end":{"line":35,"column":61}},"11":{"start":{"line":38,"column":4},"end":{"line":38,"column":58}},"12":{"start":{"line":41,"column":17},"end":{"line":41,"column":77}},"13":{"start":{"line":42,"column":4},"end":{"line":44,"column":5}},"14":{"start":{"line":43,"column":6},"end":{"line":43,"column":58}},"15":{"start":{"line":47,"column":31},"end":{"line":47,"column":79}},"16":{"start":{"line":50,"column":28},"end":{"line":52,"column":null}},"17":{"start":{"line":55,"column":4},"end":{"line":59,"column":5}},"18":{"start":{"line":57,"column":18},"end":{"line":57,"column":53}},"19":{"start":{"line":58,"column":6},"end":{"line":58,"column":35}},"20":{"start":{"line":62,"column":27},"end":{"line":66,"column":6}},"21":{"start":{"line":68,"column":16},"end":{"line":68,"column":50}},"22":{"start":{"line":71,"column":4},"end":{"line":71,"column":66}},"23":{"start":{"line":73,"column":4},"end":{"line":73,"column":34}},"24":{"start":{"line":25,"column":13},"end":{"line":25,"column":48}},"25":{"start":{"line":25,"column":13},"end":{"line":75,"column":null}}},"fnMap":{"0":{"name":"(anonymous_2)","decl":{"start":{"line":26,"column":2},"end":{"line":26,"column":null}},"loc":{"start":{"line":29,"column":44},"end":{"line":30,"column":6}}},"1":{"name":"(anonymous_3)","decl":{"start":{"line":32,"column":2},"end":{"line":32,"column":7}},"loc":{"start":{"line":32,"column":54},"end":{"line":74,"column":3}}}},"branchMap":{"0":{"loc":{"start":{"line":34,"column":4},"end":{"line":36,"column":5}},"type":"if","locations":[{"start":{"line":34,"column":4},"end":{"line":36,"column":5}}]},"1":{"loc":{"start":{"line":34,"column":8},"end":{"line":34,"column":51}},"type":"binary-expr","locations":[{"start":{"line":34,"column":8},"end":{"line":34,"column":23}},{"start":{"line":34,"column":27},"end":{"line":34,"column":51}}]},"2":{"loc":{"start":{"line":42,"column":4},"end":{"line":44,"column":5}},"type":"if","locations":[{"start":{"line":42,"column":4},"end":{"line":44,"column":5}}]},"3":{"loc":{"start":{"line":55,"column":4},"end":{"line":59,"column":5}},"type":"if","locations":[{"start":{"line":55,"column":4},"end":{"line":59,"column":5}}]}},"s":{"0":2,"1":2,"2":2,"3":2,"4":2,"5":2,"6":2,"7":2,"8":2,"9":8,"10":1,"11":7,"12":7,"13":7,"14":1,"15":6,"16":6,"17":6,"18":1,"19":1,"20":5,"21":5,"22":5,"23":5,"24":2,"25":2},"f":{"0":2,"1":8},"b":{"0":[1],"1":[8,7],"2":[1],"3":[1]}}
,"/Users/luansilveira/dev/ai-coverage-improver/apps/backend/src/application/operations/run-coverage-improvement.operation.ts": {"path":"/Users/luansilveira/dev/ai-coverage-improver/apps/backend/src/application/operations/run-coverage-improvement.operation.ts","statementMap":{"0":{"start":{"line":1,"column":0},"end":{"line":1,"column":44}},"1":{"start":{"line":2,"column":0},"end":{"line":2,"column":71}},"2":{"start":{"line":3,"column":0},"end":{"line":3,"column":102}},"3":{"start":{"line":4,"column":0},"end":{"line":4,"column":75}},"4":{"start":{"line":5,"column":0},"end":{"line":5,"column":34}},"5":{"start":{"line":6,"column":0},"end":{"line":6,"column":29}},"6":{"start":{"line":7,"column":0},"end":{"line":7,"column":37}},"7":{"start":{"line":8,"column":0},"end":{"line":8,"column":33}},"8":{"start":{"line":10,"column":18},"end":{"line":10,"column":33}},"9":{"start":{"line":32,"column":7},"end":{"line":316,"column":null}},"10":{"start":{"line":33,"column":31},"end":{"line":33,"column":46}},"11":{"start":{"line":37,"column":20},"end":{"line":37,"column":66}},"12":{"start":{"line":38,"column":4},"end":{"line":40,"column":5}},"13":{"start":{"line":39,"column":6},"end":{"line":39,"column":54}},"14":{"start":{"line":42,"column":16},"end":{"line":55,"column":6}},"15":{"start":{"line":57,"column":4},"end":{"line":57,"column":88}},"16":{"start":{"line":60,"column":4},"end":{"line":60,"column":24}},"17":{"start":{"line":61,"column":4},"end":{"line":61,"column":61}},"18":{"start":{"line":63,"column":40},"end":{"line":63,"column":44}},"19":{"start":{"line":65,"column":4},"end":{"line":137,"column":5}},"20":{"start":{"line":67,"column":28},"end":{"line":67,"column":68}},"21":{"start":{"line":70,"column":6},"end":{"line":70,"column":60}},"22":{"start":{"line":73,"column":27},"end":{"line":75,"column":8}},"23":{"start":{"line":78,"column":6},"end":{"line":78,"column":55}},"24":{"start":{"line":81,"column":6},"end":{"line":81,"column":65}},"25":{"start":{"line":84,"column":28},"end":{"line":84,"column":82}},"26":{"start":{"line":87,"column":27},"end":{"line":87,"column":72}},"27":{"start":{"line":90,"column":26},"end":{"line":90,"column":94}},"28":{"start":{"line":93,"column":6},"end":{"line":93,"column":58}},"29":{"start":{"line":96,"column":28},"end":{"line":96,"column":64}},"30":{"start":{"line":99,"column":17},"end":{"line":106,"column":8}},"31":{"start":{"line":108,"column":6},"end":{"line":108,"column":51}},"32":{"start":{"line":111,"column":6},"end":{"line":111,"column":45}},"33":{"start":{"line":112,"column":6},"end":{"line":115,"column":9}},"34":{"start":{"line":117,"column":6},"end":{"line":117,"column":21}},"35":{"start":{"line":119,"column":6},"end":{"line":119,"column":50}},"36":{"start":{"line":122,"column":32},"end":{"line":122,"column":57}},"37":{"start":{"line":125,"column":6},"end":{"line":125,"column":38}},"38":{"start":{"line":126,"column":6},"end":{"line":129,"column":9}},"39":{"start":{"line":131,"column":6},"end":{"line":131,"column":21}},"40":{"start":{"line":134,"column":6},"end":{"line":136,"column":7}},"41":{"start":{"line":135,"column":8},"end":{"line":135,"column":49}},"42":{"start":{"line":143,"column":18},"end":{"line":143,"column":41}},"43":{"start":{"line":144,"column":4},"end":{"line":146,"column":5}},"44":{"start":{"line":145,"column":6},"end":{"line":145,"column":34}},"45":{"start":{"line":147,"column":4},"end":{"line":147,"column":40}},"46":{"start":{"line":151,"column":20},"end":{"line":151,"column":93}},"47":{"start":{"line":152,"column":4},"end":{"line":152,"column":49}},"48":{"start":{"line":154,"column":4},"end":{"line":159,"column":6}},"49":{"start":{"line":167,"column":4},"end":{"line":184,"column":5}},"50":{"start":{"line":168,"column":20},"end":{"line":168,"column":44}},"51":{"start":{"line":169,"column":6},"end":{"line":171,"column":7}},"52":{"start":{"line":170,"column":8},"end":{"line":170,"column":55}},"53":{"start":{"line":173,"column":23},"end":{"line":173,"column":88}},"54":{"start":{"line":175,"column":6},"end":{"line":177,"column":9}},"55":{"start":{"line":179,"column":6},"end":{"line":179,"column":68}},"56":{"start":{"line":181,"column":6},"end":{"line":183,"column":8}},"57":{"start":{"line":188,"column":4},"end":{"line":193,"column":5}},"58":{"start":{"line":189,"column":25},"end":{"line":189,"column":96}},"59":{"start":{"line":190,"column":6},"end":{"line":190,"column":37}},"60":{"start":{"line":192,"column":6},"end":{"line":192,"column":20}},"61":{"start":{"line":197,"column":21},"end":{"line":197,"column":64}},"62":{"start":{"line":199,"column":4},"end":{"line":203,"column":5}},"63":{"start":{"line":200,"column":6},"end":{"line":200,"column":32}},"64":{"start":{"line":202,"column":6},"end":{"line":202,"column":59}},"65":{"start":{"line":205,"column":4},"end":{"line":207,"column":5}},"66":{"start":{"line":206,"column":6},"end":{"line":206,"column":69}},"67":{"start":{"line":209,"column":4},"end":{"line":211,"column":5}},"68":{"start":{"line":210,"column":6},"end":{"line":210,"column":59}},"69":{"start":{"line":215,"column":21},"end":{"line":215,"column":64}},"70":{"start":{"line":216,"column":4},"end":{"line":216,"column":48}},"71":{"start":{"line":220,"column":23},"end":{"line":220,"column":58}},"72":{"start":{"line":221,"column":4},"end":{"line":221,"column":35}},"73":{"start":{"line":230,"column":4},"end":{"line":230,"column":61}},"74":{"start":{"line":232,"column":21},"end":{"line":232,"column":57}},"75":{"start":{"line":233,"column":4},"end":{"line":243,"column":2}},"76":{"start":{"line":247,"column":4},"end":{"line":249,"column":5}},"77":{"start":{"line":248,"column":6},"end":{"line":248,"column":83}},"78":{"start":{"line":252,"column":6},"end":{"line":255,"column":37}},"79":{"start":{"line":257,"column":4},"end":{"line":259,"column":5}},"80":{"start":{"line":258,"column":6},"end":{"line":258,"column":82}},"81":{"start":{"line":263,"column":4},"end":{"line":268,"column":5}},"82":{"start":{"line":264,"column":6},"end":{"line":264,"column":69}},"83":{"start":{"line":265,"column":6},"end":{"line":265,"column":67}},"84":{"start":{"line":267,"column":6},"end":{"line":267,"column":64}},"85":{"start":{"line":272,"column":25},"end":{"line":272,"column":73}},"86":{"start":{"line":274,"column":58},"end":{"line":285,"column":6}},"87":{"start":{"line":287,"column":4},"end":{"line":289,"column":5}},"88":{"start":{"line":288,"column":6},"end":{"line":288,"column":82}},"89":{"start":{"line":291,"column":4},"end":{"line":293,"column":5}},"90":{"start":{"line":292,"column":6},"end":{"line":292,"column":88}},"91":{"start":{"line":295,"column":4},"end":{"line":300,"column":5}},"92":{"start":{"line":299,"column":6},"end":{"line":299,"column":88}},"93":{"start":{"line":302,"column":4},"end":{"line":304,"column":5}},"94":{"start":{"line":303,"column":6},"end":{"line":303,"column":90}},"95":{"start":{"line":306,"column":4},"end":{"line":308,"column":5}},"96":{"start":{"line":307,"column":6},"end":{"line":307,"column":100}},"97":{"start":{"line":310,"column":4},"end":{"line":312,"column":5}},"98":{"start":{"line":311,"column":6},"end":{"line":311,"column":90}},"99":{"start":{"line":314,"column":4},"end":{"line":314,"column":89}},"100":{"start":{"line":32,"column":13},"end":{"line":32,"column":44}},"101":{"start":{"line":32,"column":13},"end":{"line":316,"column":null}}},"fnMap":{"0":{"name":"(anonymous_11)","decl":{"start":{"line":33,"column":2},"end":{"line":33,"column":31}},"loc":{"start":{"line":33,"column":59},"end":{"line":33,"column":63}}},"1":{"name":"(anonymous_12)","decl":{"start":{"line":35,"column":2},"end":{"line":35,"column":7}},"loc":{"start":{"line":35,"column":50},"end":{"line":138,"column":3}}},"2":{"name":"(anonymous_13)","decl":{"start":{"line":142,"column":10},"end":{"line":142,"column":27}},"loc":{"start":{"line":142,"column":48},"end":{"line":148,"column":3}}},"3":{"name":"(anonymous_14)","decl":{"start":{"line":150,"column":10},"end":{"line":150,"column":15}},"loc":{"start":{"line":150,"column":63},"end":{"line":160,"column":3}}},"4":{"name":"(anonymous_15)","decl":{"start":{"line":162,"column":10},"end":{"line":162,"column":15}},"loc":{"start":{"line":165,"column":16},"end":{"line":185,"column":3}}},"5":{"name":"(anonymous_16)","decl":{"start":{"line":187,"column":10},"end":{"line":187,"column":15}},"loc":{"start":{"line":187,"column":55},"end":{"line":194,"column":3}}},"6":{"name":"(anonymous_17)","decl":{"start":{"line":196,"column":10},"end":{"line":196,"column":15}},"loc":{"start":{"line":196,"column":81},"end":{"line":212,"column":3}}},"7":{"name":"(anonymous_18)","decl":{"start":{"line":214,"column":10},"end":{"line":214,"column":15}},"loc":{"start":{"line":214,"column":77},"end":{"line":217,"column":3}}},"8":{"name":"(anonymous_19)","decl":{"start":{"line":219,"column":10},"end":{"line":219,"column":30}},"loc":{"start":{"line":219,"column":53},"end":{"line":222,"column":3}}},"9":{"name":"(anonymous_20)","decl":{"start":{"line":224,"column":10},"end":{"line":224,"column":15}},"loc":{"start":{"line":227,"column":26},"end":{"line":244,"column":3}}},"10":{"name":"(anonymous_21)","decl":{"start":{"line":246,"column":10},"end":{"line":246,"column":29}},"loc":{"start":{"line":246,"column":71},"end":{"line":260,"column":3}}},"11":{"name":"(anonymous_22)","decl":{"start":{"line":262,"column":10},"end":{"line":262,"column":15}},"loc":{"start":{"line":262,"column":59},"end":{"line":269,"column":3}}},"12":{"name":"(anonymous_23)","decl":{"start":{"line":271,"column":10},"end":{"line":271,"column":25}},"loc":{"start":{"line":271,"column":38},"end":{"line":315,"column":3}}}},"branchMap":{"0":{"loc":{"start":{"line":38,"column":4},"end":{"line":40,"column":5}},"type":"if","locations":[{"start":{"line":38,"column":4},"end":{"line":40,"column":5}}]},"1":{"loc":{"start":{"line":134,"column":6},"end":{"line":136,"column":7}},"type":"if","locations":[{"start":{"line":134,"column":6},"end":{"line":136,"column":7}}]},"2":{"loc":{"start":{"line":144,"column":4},"end":{"line":146,"column":5}},"type":"if","locations":[{"start":{"line":144,"column":4},"end":{"line":146,"column":5}}]},"3":{"loc":{"start":{"line":169,"column":6},"end":{"line":171,"column":7}},"type":"if","locations":[{"start":{"line":169,"column":6},"end":{"line":171,"column":7}}]},"4":{"loc":{"start":{"line":182,"column":39},"end":{"line":182,"column":91}},"type":"cond-expr","locations":[{"start":{"line":182,"column":62},"end":{"line":182,"column":73}},{"start":{"line":182,"column":76},"end":{"line":182,"column":91}}]},"5":{"loc":{"start":{"line":190,"column":13},"end":{"line":190,"column":36}},"type":"binary-expr","locations":[{"start":{"line":190,"column":13},"end":{"line":190,"column":26}},{"start":{"line":190,"column":30},"end":{"line":190,"column":36}}]},"6":{"loc":{"start":{"line":205,"column":4},"end":{"line":207,"column":5}},"type":"if","locations":[{"start":{"line":205,"column":4},"end":{"line":207,"column":5}}]},"7":{"loc":{"start":{"line":209,"column":4},"end":{"line":211,"column":5}},"type":"if","locations":[{"start":{"line":209,"column":4},"end":{"line":211,"column":5}}]},"8":{"loc":{"start":{"line":209,"column":8},"end":{"line":209,"column":82}},"type":"binary-expr","locations":[{"start":{"line":209,"column":8},"end":{"line":209,"column":43}},{"start":{"line":209,"column":47},"end":{"line":209,"column":82}}]},"9":{"loc":{"start":{"line":247,"column":4},"end":{"line":249,"column":5}},"type":"if","locations":[{"start":{"line":247,"column":4},"end":{"line":249,"column":5}}]},"10":{"loc":{"start":{"line":247,"column":8},"end":{"line":247,"column":80}},"type":"binary-expr","locations":[{"start":{"line":247,"column":8},"end":{"line":247,"column":42}},{"start":{"line":247,"column":46},"end":{"line":247,"column":80}}]},"11":{"loc":{"start":{"line":252,"column":6},"end":{"line":255,"column":37}},"type":"binary-expr","locations":[{"start":{"line":252,"column":6},"end":{"line":252,"column":38}},{"start":{"line":253,"column":6},"end":{"line":253,"column":33}},{"start":{"line":254,"column":6},"end":{"line":254,"column":35}},{"start":{"line":255,"column":6},"end":{"line":255,"column":37}}]},"12":{"loc":{"start":{"line":257,"column":4},"end":{"line":259,"column":5}},"type":"if","locations":[{"start":{"line":257,"column":4},"end":{"line":259,"column":5}}]},"13":{"loc":{"start":{"line":272,"column":25},"end":{"line":272,"column":73}},"type":"cond-expr","locations":[{"start":{"line":272,"column":48},"end":{"line":272,"column":59}},{"start":{"line":272,"column":62},"end":{"line":272,"column":73}}]},"14":{"loc":{"start":{"line":287,"column":4},"end":{"line":289,"column":5}},"type":"if","locations":[{"start":{"line":287,"column":4},"end":{"line":289,"column":5}}]},"15":{"loc":{"start":{"line":287,"column":8},"end":{"line":287,"column":85}},"type":"binary-expr","locations":[{"start":{"line":287,"column":8},"end":{"line":287,"column":42}},{"start":{"line":287,"column":46},"end":{"line":287,"column":85}}]},"16":{"loc":{"start":{"line":291,"column":4},"end":{"line":293,"column":5}},"type":"if","locations":[{"start":{"line":291,"column":4},"end":{"line":293,"column":5}}]},"17":{"loc":{"start":{"line":291,"column":8},"end":{"line":291,"column":77}},"type":"binary-expr","locations":[{"start":{"line":291,"column":8},"end":{"line":291,"column":38}},{"start":{"line":291,"column":42},"end":{"line":291,"column":77}}]},"18":{"loc":{"start":{"line":295,"column":4},"end":{"line":300,"column":5}},"type":"if","locations":[{"start":{"line":295,"column":4},"end":{"line":300,"column":5}}]},"19":{"loc":{"start":{"line":296,"column":6},"end":{"line":297,"column":52}},"type":"binary-expr","locations":[{"start":{"line":296,"column":6},"end":{"line":296,"column":50}},{"start":{"line":297,"column":6},"end":{"line":297,"column":52}}]},"20":{"loc":{"start":{"line":302,"column":4},"end":{"line":304,"column":5}},"type":"if","locations":[{"start":{"line":302,"column":4},"end":{"line":304,"column":5}}]},"21":{"loc":{"start":{"line":302,"column":8},"end":{"line":302,"column":88}},"type":"binary-expr","locations":[{"start":{"line":302,"column":8},"end":{"line":302,"column":45}},{"start":{"line":302,"column":49},"end":{"line":302,"column":88}}]},"22":{"loc":{"start":{"line":306,"column":4},"end":{"line":308,"column":5}},"type":"if","locations":[{"start":{"line":306,"column":4},"end":{"line":308,"column":5}}]},"23":{"loc":{"start":{"line":306,"column":8},"end":{"line":306,"column":81}},"type":"binary-expr","locations":[{"start":{"line":306,"column":8},"end":{"line":306,"column":42}},{"start":{"line":306,"column":46},"end":{"line":306,"column":81}}]},"24":{"loc":{"start":{"line":310,"column":4},"end":{"line":312,"column":5}},"type":"if","locations":[{"start":{"line":310,"column":4},"end":{"line":312,"column":5}}]},"25":{"loc":{"start":{"line":310,"column":8},"end":{"line":310,"column":76}},"type":"binary-expr","locations":[{"start":{"line":310,"column":8},"end":{"line":310,"column":45}},{"start":{"line":310,"column":49},"end":{"line":310,"column":76}}]}},"s":{"0":2,"1":2,"2":2,"3":2,"4":2,"5":2,"6":2,"7":2,"8":2,"9":2,"10":2,"11":0,"12":0,"13":0,"14":0,"15":0,"16":0,"17":0,"18":0,"19":0,"20":0,"21":0,"22":0,"23":0,"24":0,"25":0,"26":0,"27":0,"28":0,"29":0,"30":0,"31":0,"32":0,"33":0,"34":0,"35":0,"36":0,"37":0,"38":0,"39":0,"40":0,"41":0,"42":0,"43":0,"44":0,"45":0,"46":0,"47":0,"48":0,"49":0,"50":0,"51":0,"52":0,"53":0,"54":0,"55":0,"56":0,"57":0,"58":0,"59":0,"60":0,"61":0,"62":0,"63":0,"64":0,"65":0,"66":0,"67":0,"68":0,"69":0,"70":0,"71":0,"72":0,"73":0,"74":0,"75":0,"76":0,"77":0,"78":0,"79":0,"80":0,"81":0,"82":0,"83":0,"84":0,"85":0,"86":0,"87":0,"88":0,"89":0,"90":0,"91":0,"92":0,"93":0,"94":0,"95":0,"96":0,"97":0,"98":0,"99":0,"100":2,"101":2},"f":{"0":2,"1":0,"2":0,"3":0,"4":0,"5":0,"6":0,"7":0,"8":0,"9":0,"10":0,"11":0,"12":0},"b":{"0":[0],"1":[0],"2":[0],"3":[0],"4":[0,0],"5":[0,0],"6":[0],"7":[0],"8":[0,0],"9":[0],"10":[0,0],"11":[0,0,0,0],"12":[0],"13":[0,0],"14":[0],"15":[0,0],"16":[0],"17":[0,0],"18":[0],"19":[0,0],"20":[0],"21":[0,0],"22":[0],"23":[0,0],"24":[0],"25":[0,0]}}
,"/Users/luansilveira/dev/ai-coverage-improver/apps/backend/src/application/operations/start-github-auth.operation.ts": {"path":"/Users/luansilveira/dev/ai-coverage-improver/apps/backend/src/application/operations/start-github-auth.operation.ts","statementMap":{"0":{"start":{"line":1,"column":0},"end":{"line":1,"column":44}},"1":{"start":{"line":2,"column":0},"end":{"line":2,"column":77}},"2":{"start":{"line":19,"column":7},"end":{"line":33,"column":null}},"3":{"start":{"line":20,"column":31},"end":{"line":20,"column":44}},"4":{"start":{"line":23,"column":35},"end":{"line":23,"column":80}},"5":{"start":{"line":24,"column":4},"end":{"line":29,"column":5}},"6":{"start":{"line":25,"column":6},"end":{"line":25,"column":39}},"7":{"start":{"line":26,"column":6},"end":{"line":28,"column":7}},"8":{"start":{"line":27,"column":8},"end":{"line":27,"column":48}},"9":{"start":{"line":31,"column":4},"end":{"line":31,"column":27}},"10":{"start":{"line":19,"column":13},"end":{"line":19,"column":37}},"11":{"start":{"line":19,"column":13},"end":{"line":33,"column":null}}},"fnMap":{"0":{"name":"(anonymous_2)","decl":{"start":{"line":20,"column":2},"end":{"line":20,"column":31}},"loc":{"start":{"line":20,"column":61},"end":{"line":20,"column":65}}},"1":{"name":"(anonymous_3)","decl":{"start":{"line":22,"column":2},"end":{"line":22,"column":7}},"loc":{"start":{"line":22,"column":43},"end":{"line":32,"column":3}}}},"branchMap":{"0":{"loc":{"start":{"line":24,"column":4},"end":{"line":29,"column":5}},"type":"if","locations":[{"start":{"line":24,"column":4},"end":{"line":29,"column":5}}]},"1":{"loc":{"start":{"line":26,"column":6},"end":{"line":28,"column":7}},"type":"if","locations":[{"start":{"line":26,"column":6},"end":{"line":28,"column":7}}]}},"s":{"0":2,"1":2,"2":2,"3":2,"4":0,"5":0,"6":0,"7":0,"8":0,"9":0,"10":2,"11":2},"f":{"0":2,"1":0},"b":{"0":[0],"1":[0]}}
,"/Users/luansilveira/dev/ai-coverage-improver/apps/backend/src/domain/coverage-snapshot.ts": {"path":"/Users/luansilveira/dev/ai-coverage-improver/apps/backend/src/domain/coverage-snapshot.ts","statementMap":{"0":{"start":{"line":8,"column":20},"end":{"line":8,"column":40}},"1":{"start":{"line":9,"column":20},"end":{"line":9,"column":31}},"2":{"start":{"line":10,"column":20},"end":{"line":10,"column":46}},"3":{"start":{"line":11,"column":20},"end":{"line":11,"column":40}},"4":{"start":{"line":12,"column":20},"end":{"line":12,"column":47}},"5":{"start":{"line":13,"column":20},"end":{"line":13,"column":39}},"6":{"start":{"line":20,"column":4},"end":{"line":20,"column":62}},"7":{"start":{"line":20,"column":39},"end":{"line":20,"column":60}},"8":{"start":{"line":27,"column":4},"end":{"line":27,"column":42}},"9":{"start":{"line":27,"column":33},"end":{"line":27,"column":42}},"10":{"start":{"line":28,"column":16},"end":{"line":28,"column":75}},"11":{"start":{"line":28,"column":49},"end":{"line":28,"column":71}},"12":{"start":{"line":29,"column":4},"end":{"line":29,"column":35}},"13":{"start":{"line":36,"column":4},"end":{"line":36,"column":58}},"14":{"start":{"line":6,"column":0},"end":{"line":6,"column":13}}},"fnMap":{"0":{"name":"(anonymous_0)","decl":{"start":{"line":7,"column":2},"end":{"line":7,"column":null}},"loc":{"start":{"line":13,"column":49},"end":{"line":14,"column":6}}},"1":{"name":"(anonymous_1)","decl":{"start":{"line":19,"column":2},"end":{"line":19,"column":24}},"loc":{"start":{"line":19,"column":24},"end":{"line":21,"column":3}}},"2":{"name":"(anonymous_2)","decl":{"start":{"line":20,"column":29},"end":{"line":20,"column":30}},"loc":{"start":{"line":20,"column":39},"end":{"line":20,"column":60}}},"3":{"name":"(anonymous_3)","decl":{"start":{"line":26,"column":2},"end":{"line":26,"column":20}},"loc":{"start":{"line":26,"column":20},"end":{"line":30,"column":3}}},"4":{"name":"(anonymous_4)","decl":{"start":{"line":28,"column":34},"end":{"line":28,"column":35}},"loc":{"start":{"line":28,"column":49},"end":{"line":28,"column":71}}},"5":{"name":"(anonymous_5)","decl":{"start":{"line":35,"column":2},"end":{"line":35,"column":16}},"loc":{"start":{"line":35,"column":16},"end":{"line":37,"column":3}}}},"branchMap":{"0":{"loc":{"start":{"line":13,"column":20},"end":{"line":13,"column":49}},"type":"default-arg","locations":[{"start":{"line":13,"column":39},"end":{"line":13,"column":49}}]},"1":{"loc":{"start":{"line":27,"column":4},"end":{"line":27,"column":42}},"type":"if","locations":[{"start":{"line":27,"column":4},"end":{"line":27,"column":42}}]}},"s":{"0":0,"1":0,"2":0,"3":0,"4":0,"5":0,"6":0,"7":0,"8":0,"9":0,"10":0,"11":0,"12":0,"13":0,"14":2},"f":{"0":0,"1":0,"2":0,"3":0,"4":0,"5":0},"b":{"0":[0],"1":[0]}}
,"/Users/luansilveira/dev/ai-coverage-improver/apps/backend/src/domain/improvement-job.ts": {"path":"/Users/luansilveira/dev/ai-coverage-improver/apps/backend/src/domain/improvement-job.ts","statementMap":{"0":{"start":{"line":37,"column":22},"end":{"line":37,"column":48}},"1":{"start":{"line":40,"column":4},"end":{"line":40,"column":25}},"2":{"start":{"line":44,"column":4},"end":{"line":44,"column":35}},"3":{"start":{"line":48,"column":4},"end":{"line":48,"column":37}},"4":{"start":{"line":52,"column":4},"end":{"line":52,"column":29}},"5":{"start":{"line":56,"column":4},"end":{"line":56,"column":40}},"6":{"start":{"line":60,"column":4},"end":{"line":60,"column":32}},"7":{"start":{"line":64,"column":4},"end":{"line":64,"column":32}},"8":{"start":{"line":68,"column":4},"end":{"line":68,"column":33}},"9":{"start":{"line":72,"column":4},"end":{"line":72,"column":37}},"10":{"start":{"line":76,"column":4},"end":{"line":76,"column":40}},"11":{"start":{"line":80,"column":4},"end":{"line":80,"column":34}},"12":{"start":{"line":84,"column":4},"end":{"line":84,"column":37}},"13":{"start":{"line":91,"column":4},"end":{"line":91,"column":77}},"14":{"start":{"line":98,"column":4},"end":{"line":98,"column":79}},"15":{"start":{"line":105,"column":4},"end":{"line":107,"column":5}},"16":{"start":{"line":106,"column":6},"end":{"line":106,"column":53}},"17":{"start":{"line":108,"column":4},"end":{"line":108,"column":34}},"18":{"start":{"line":109,"column":4},"end":{"line":109,"column":38}},"19":{"start":{"line":116,"column":4},"end":{"line":118,"column":5}},"20":{"start":{"line":117,"column":6},"end":{"line":117,"column":56}},"21":{"start":{"line":119,"column":4},"end":{"line":119,"column":36}},"22":{"start":{"line":120,"column":4},"end":{"line":120,"column":39}},"23":{"start":{"line":121,"column":4},"end":{"line":121,"column":47}},"24":{"start":{"line":122,"column":4},"end":{"line":122,"column":53}},"25":{"start":{"line":129,"column":4},"end":{"line":131,"column":5}},"26":{"start":{"line":130,"column":6},"end":{"line":130,"column":53}},"27":{"start":{"line":132,"column":4},"end":{"line":132,"column":33}},"28":{"start":{"line":133,"column":4},"end":{"line":133,"column":39}},"29":{"start":{"line":134,"column":4},"end":{"line":134,"column":41}},"30":{"start":{"line":135,"column":4},"end":{"line":135,"column":47}},"31":{"start":{"line":142,"column":4},"end":{"line":144,"column":5}},"32":{"start":{"line":143,"column":6},"end":{"line":143,"column":77}},"33":{"start":{"line":146,"column":4},"end":{"line":148,"column":5}},"34":{"start":{"line":147,"column":6},"end":{"line":147,"column":76}},"35":{"start":{"line":150,"column":4},"end":{"line":152,"column":5}},"36":{"start":{"line":151,"column":6},"end":{"line":151,"column":56}},"37":{"start":{"line":159,"column":4},"end":{"line":159,"column":71}},"38":{"start":{"line":166,"column":4},"end":{"line":166,"column":29}},"39":{"start":{"line":36,"column":0},"end":{"line":36,"column":13}}},"fnMap":{"0":{"name":"(anonymous_0)","decl":{"start":{"line":37,"column":2},"end":{"line":37,"column":22}},"loc":{"start":{"line":37,"column":48},"end":{"line":37,"column":52}}},"1":{"name":"(anonymous_1)","decl":{"start":{"line":39,"column":2},"end":{"line":39,"column":6}},"loc":{"start":{"line":39,"column":8},"end":{"line":41,"column":3}}},"2":{"name":"(anonymous_2)","decl":{"start":{"line":43,"column":2},"end":{"line":43,"column":6}},"loc":{"start":{"line":43,"column":18},"end":{"line":45,"column":3}}},"3":{"name":"(anonymous_3)","decl":{"start":{"line":47,"column":2},"end":{"line":47,"column":6}},"loc":{"start":{"line":47,"column":20},"end":{"line":49,"column":3}}},"4":{"name":"(anonymous_4)","decl":{"start":{"line":51,"column":2},"end":{"line":51,"column":6}},"loc":{"start":{"line":51,"column":12},"end":{"line":53,"column":3}}},"5":{"name":"(anonymous_5)","decl":{"start":{"line":55,"column":2},"end":{"line":55,"column":6}},"loc":{"start":{"line":55,"column":23},"end":{"line":57,"column":3}}},"6":{"name":"(anonymous_6)","decl":{"start":{"line":59,"column":2},"end":{"line":59,"column":6}},"loc":{"start":{"line":59,"column":15},"end":{"line":61,"column":3}}},"7":{"name":"(anonymous_7)","decl":{"start":{"line":63,"column":2},"end":{"line":63,"column":6}},"loc":{"start":{"line":63,"column":15},"end":{"line":65,"column":3}}},"8":{"name":"(anonymous_8)","decl":{"start":{"line":67,"column":2},"end":{"line":67,"column":6}},"loc":{"start":{"line":67,"column":16},"end":{"line":69,"column":3}}},"9":{"name":"(anonymous_9)","decl":{"start":{"line":71,"column":2},"end":{"line":71,"column":6}},"loc":{"start":{"line":71,"column":20},"end":{"line":73,"column":3}}},"10":{"name":"(anonymous_10)","decl":{"start":{"line":75,"column":2},"end":{"line":75,"column":6}},"loc":{"start":{"line":75,"column":23},"end":{"line":77,"column":3}}},"11":{"name":"(anonymous_11)","decl":{"start":{"line":79,"column":2},"end":{"line":79,"column":6}},"loc":{"start":{"line":79,"column":17},"end":{"line":81,"column":3}}},"12":{"name":"(anonymous_12)","decl":{"start":{"line":83,"column":2},"end":{"line":83,"column":6}},"loc":{"start":{"line":83,"column":20},"end":{"line":85,"column":3}}},"13":{"name":"(anonymous_13)","decl":{"start":{"line":90,"column":2},"end":{"line":90,"column":8}},"loc":{"start":{"line":90,"column":8},"end":{"line":92,"column":3}}},"14":{"name":"(anonymous_14)","decl":{"start":{"line":97,"column":2},"end":{"line":97,"column":13}},"loc":{"start":{"line":97,"column":13},"end":{"line":99,"column":3}}},"15":{"name":"(anonymous_15)","decl":{"start":{"line":104,"column":2},"end":{"line":104,"column":15}},"loc":{"start":{"line":104,"column":15},"end":{"line":110,"column":3}}},"16":{"name":"(anonymous_16)","decl":{"start":{"line":115,"column":2},"end":{"line":115,"column":17}},"loc":{"start":{"line":115,"column":67},"end":{"line":123,"column":3}}},"17":{"name":"(anonymous_17)","decl":{"start":{"line":128,"column":2},"end":{"line":128,"column":14}},"loc":{"start":{"line":128,"column":63},"end":{"line":136,"column":3}}},"18":{"name":"(anonymous_18)","decl":{"start":{"line":141,"column":2},"end":{"line":141,"column":8}},"loc":{"start":{"line":141,"column":48},"end":{"line":153,"column":3}}},"19":{"name":"(anonymous_19)","decl":{"start":{"line":158,"column":2},"end":{"line":158,"column":8}},"loc":{"start":{"line":158,"column":43},"end":{"line":160,"column":3}}},"20":{"name":"(anonymous_20)","decl":{"start":{"line":165,"column":2},"end":{"line":165,"column":8}},"loc":{"start":{"line":165,"column":8},"end":{"line":167,"column":3}}}},"branchMap":{"0":{"loc":{"start":{"line":91,"column":11},"end":{"line":91,"column":76}},"type":"binary-expr","locations":[{"start":{"line":91,"column":11},"end":{"line":91,"column":41}},{"start":{"line":91,"column":45},"end":{"line":91,"column":76}}]},"1":{"loc":{"start":{"line":98,"column":11},"end":{"line":98,"column":78}},"type":"binary-expr","locations":[{"start":{"line":98,"column":11},"end":{"line":98,"column":44}},{"start":{"line":98,"column":48},"end":{"line":98,"column":78}}]},"2":{"loc":{"start":{"line":105,"column":4},"end":{"line":107,"column":5}},"type":"if","locations":[{"start":{"line":105,"column":4},"end":{"line":107,"column":5}}]},"3":{"loc":{"start":{"line":116,"column":4},"end":{"line":118,"column":5}},"type":"if","locations":[{"start":{"line":116,"column":4},"end":{"line":118,"column":5}}]},"4":{"loc":{"start":{"line":129,"column":4},"end":{"line":131,"column":5}},"type":"if","locations":[{"start":{"line":129,"column":4},"end":{"line":131,"column":5}}]},"5":{"loc":{"start":{"line":142,"column":4},"end":{"line":144,"column":5}},"type":"if","locations":[{"start":{"line":142,"column":4},"end":{"line":144,"column":5}}]},"6":{"loc":{"start":{"line":142,"column":8},"end":{"line":142,"column":75}},"type":"binary-expr","locations":[{"start":{"line":142,"column":8},"end":{"line":142,"column":17}},{"start":{"line":142,"column":21},"end":{"line":142,"column":49}},{"start":{"line":142,"column":53},"end":{"line":142,"column":75}}]},"7":{"loc":{"start":{"line":146,"column":4},"end":{"line":148,"column":5}},"type":"if","locations":[{"start":{"line":146,"column":4},"end":{"line":148,"column":5}}]},"8":{"loc":{"start":{"line":150,"column":4},"end":{"line":152,"column":5}},"type":"if","locations":[{"start":{"line":150,"column":4},"end":{"line":152,"column":5}}]},"9":{"loc":{"start":{"line":159,"column":11},"end":{"line":159,"column":70}},"type":"cond-expr","locations":[{"start":{"line":159,"column":38},"end":{"line":159,"column":59}},{"start":{"line":159,"column":62},"end":{"line":159,"column":70}}]}},"s":{"0":6,"1":5,"2":0,"3":0,"4":0,"5":0,"6":0,"7":0,"8":0,"9":0,"10":0,"11":0,"12":0,"13":0,"14":0,"15":0,"16":0,"17":0,"18":0,"19":0,"20":0,"21":0,"22":0,"23":0,"24":0,"25":0,"26":0,"27":0,"28":0,"29":0,"30":0,"31":7,"32":0,"33":7,"34":0,"35":7,"36":0,"37":6,"38":6,"39":2},"f":{"0":6,"1":5,"2":0,"3":0,"4":0,"5":0,"6":0,"7":0,"8":0,"9":0,"10":0,"11":0,"12":0,"13":0,"14":0,"15":0,"16":0,"17":0,"18":7,"19":6,"20":6},"b":{"0":[0,0],"1":[0,0],"2":[0],"3":[0],"4":[0],"5":[0],"6":[7,7,7],"7":[0],"8":[0],"9":[0,6]}}
,"/Users/luansilveira/dev/ai-coverage-improver/apps/backend/src/domain/repository.ts": {"path":"/Users/luansilveira/dev/ai-coverage-improver/apps/backend/src/domain/repository.ts","statementMap":{"0":{"start":{"line":7,"column":20},"end":{"line":7,"column":30}},"1":{"start":{"line":8,"column":20},"end":{"line":8,"column":36}},"2":{"start":{"line":9,"column":20},"end":{"line":9,"column":33}},"3":{"start":{"line":10,"column":20},"end":{"line":10,"column":32}},"4":{"start":{"line":11,"column":20},"end":{"line":11,"column":41}},"5":{"start":{"line":12,"column":20},"end":{"line":12,"column":43}},"6":{"start":{"line":16,"column":4},"end":{"line":16,"column":42}},"7":{"start":{"line":17,"column":4},"end":{"line":24,"column":6}},"8":{"start":{"line":28,"column":4},"end":{"line":28,"column":40}},"9":{"start":{"line":32,"column":4},"end":{"line":32,"column":30}},"10":{"start":{"line":5,"column":0},"end":{"line":5,"column":13}}},"fnMap":{"0":{"name":"(anonymous_0)","decl":{"start":{"line":6,"column":2},"end":{"line":6,"column":null}},"loc":{"start":{"line":12,"column":43},"end":{"line":13,"column":6}}},"1":{"name":"(anonymous_1)","decl":{"start":{"line":15,"column":2},"end":{"line":15,"column":8}},"loc":{"start":{"line":15,"column":39},"end":{"line":25,"column":3}}},"2":{"name":"(anonymous_2)","decl":{"start":{"line":27,"column":2},"end":{"line":27,"column":6}},"loc":{"start":{"line":27,"column":19},"end":{"line":29,"column":3}}},"3":{"name":"(anonymous_3)","decl":{"start":{"line":31,"column":2},"end":{"line":31,"column":6}},"loc":{"start":{"line":31,"column":14},"end":{"line":33,"column":3}}}},"branchMap":{},"s":{"0":0,"1":0,"2":0,"3":0,"4":0,"5":0,"6":0,"7":0,"8":0,"9":0,"10":2},"f":{"0":0,"1":0,"2":0,"3":0},"b":{}}
,"/Users/luansilveira/dev/ai-coverage-improver/apps/backend/src/infrastructure/infrastructure.module.ts": {"path":"/Users/luansilveira/dev/ai-coverage-improver/apps/backend/src/infrastructure/infrastructure.module.ts","statementMap":{"0":{"start":{"line":1,"column":0},"end":{"line":1,"column":40}},"1":{"start":{"line":2,"column":0},"end":{"line":2,"column":60}},"2":{"start":{"line":3,"column":0},"end":{"line":3,"column":58}},"3":{"start":{"line":4,"column":0},"end":{"line":4,"column":73}},"4":{"start":{"line":5,"column":0},"end":{"line":5,"column":43}},"5":{"start":{"line":6,"column":0},"end":{"line":6,"column":52}},"6":{"start":{"line":7,"column":0},"end":{"line":7,"column":62}},"7":{"start":{"line":8,"column":0},"end":{"line":8,"column":52}},"8":{"start":{"line":9,"column":0},"end":{"line":9,"column":70}},"9":{"start":{"line":10,"column":0},"end":{"line":10,"column":66}},"10":{"start":{"line":41,"column":7},"end":{"line":41,"column":null}},"11":{"start":{"line":41,"column":13},"end":{"line":41,"column":33}},"12":{"start":{"line":41,"column":13},"end":{"line":41,"column":null}}},"fnMap":{},"branchMap":{},"s":{"0":2,"1":2,"2":2,"3":2,"4":2,"5":2,"6":2,"7":2,"8":2,"9":2,"10":2,"11":2,"12":2},"f":{},"b":{}}
,"/Users/luansilveira/dev/ai-coverage-improver/apps/backend/src/infrastructure/db/coverage.repository.ts": {"path":"/Users/luansilveira/dev/ai-coverage-improver/apps/backend/src/infrastructure/db/coverage.repository.ts","statementMap":{"0":{"start":{"line":1,"column":0},"end":{"line":1,"column":44}},"1":{"start":{"line":3,"column":0},"end":{"line":3,"column":49}},"2":{"start":{"line":22,"column":7},"end":{"line":145,"column":null}},"3":{"start":{"line":23,"column":31},"end":{"line":23,"column":39}},"4":{"start":{"line":29,"column":21},"end":{"line":37,"column":6}},"5":{"start":{"line":39,"column":4},"end":{"line":77,"column":5}},"6":{"start":{"line":41,"column":22},"end":{"line":60,"column":8}},"7":{"start":{"line":50,"column":67},"end":{"line":54,"column":14}},"8":{"start":{"line":62,"column":6},"end":{"line":76,"column":8}},"9":{"start":{"line":71,"column":61},"end":{"line":75,"column":10}},"10":{"start":{"line":80,"column":20},"end":{"line":99,"column":6}},"11":{"start":{"line":89,"column":65},"end":{"line":93,"column":12}},"12":{"start":{"line":101,"column":4},"end":{"line":115,"column":6}},"13":{"start":{"line":110,"column":59},"end":{"line":114,"column":8}},"14":{"start":{"line":119,"column":21},"end":{"line":125,"column":6}},"15":{"start":{"line":127,"column":4},"end":{"line":127,"column":36}},"16":{"start":{"line":127,"column":19},"end":{"line":127,"column":36}},"17":{"start":{"line":129,"column":4},"end":{"line":143,"column":6}},"18":{"start":{"line":138,"column":60},"end":{"line":142,"column":8}},"19":{"start":{"line":22,"column":13},"end":{"line":22,"column":31}},"20":{"start":{"line":22,"column":13},"end":{"line":145,"column":null}}},"fnMap":{"0":{"name":"(anonymous_2)","decl":{"start":{"line":23,"column":2},"end":{"line":23,"column":31}},"loc":{"start":{"line":23,"column":52},"end":{"line":23,"column":56}}},"1":{"name":"(anonymous_3)","decl":{"start":{"line":25,"column":2},"end":{"line":25,"column":7}},"loc":{"start":{"line":26,"column":59},"end":{"line":116,"column":3}}},"2":{"name":"(anonymous_4)","decl":{"start":{"line":50,"column":36},"end":{"line":50,"column":37}},"loc":{"start":{"line":50,"column":67},"end":{"line":54,"column":14}}},"3":{"name":"(anonymous_5)","decl":{"start":{"line":71,"column":33},"end":{"line":71,"column":34}},"loc":{"start":{"line":71,"column":61},"end":{"line":75,"column":10}}},"4":{"name":"(anonymous_6)","decl":{"start":{"line":89,"column":34},"end":{"line":89,"column":35}},"loc":{"start":{"line":89,"column":65},"end":{"line":93,"column":12}}},"5":{"name":"(anonymous_7)","decl":{"start":{"line":110,"column":31},"end":{"line":110,"column":32}},"loc":{"start":{"line":110,"column":59},"end":{"line":114,"column":8}}},"6":{"name":"(anonymous_8)","decl":{"start":{"line":118,"column":2},"end":{"line":118,"column":7}},"loc":{"start":{"line":118,"column":42},"end":{"line":144,"column":3}}},"7":{"name":"(anonymous_9)","decl":{"start":{"line":138,"column":32},"end":{"line":138,"column":33}},"loc":{"start":{"line":138,"column":60},"end":{"line":142,"column":8}}}},"branchMap":{"0":{"loc":{"start":{"line":39,"column":4},"end":{"line":77,"column":5}},"type":"if","locations":[{"start":{"line":39,"column":4},"end":{"line":77,"column":5}}]},"1":{"loc":{"start":{"line":70,"column":19},"end":{"line":70,"column":49}},"type":"binary-expr","locations":[{"start":{"line":70,"column":19},"end":{"line":70,"column":36}},{"start":{"line":70,"column":40},"end":{"line":70,"column":49}}]},"2":{"loc":{"start":{"line":109,"column":17},"end":{"line":109,"column":47}},"type":"binary-expr","locations":[{"start":{"line":109,"column":17},"end":{"line":109,"column":34}},{"start":{"line":109,"column":38},"end":{"line":109,"column":47}}]},"3":{"loc":{"start":{"line":127,"column":4},"end":{"line":127,"column":36}},"type":"if","locations":[{"start":{"line":127,"column":4},"end":{"line":127,"column":36}}]},"4":{"loc":{"start":{"line":137,"column":17},"end":{"line":137,"column":48}},"type":"binary-expr","locations":[{"start":{"line":137,"column":17},"end":{"line":137,"column":35}},{"start":{"line":137,"column":39},"end":{"line":137,"column":48}}]}},"s":{"0":2,"1":2,"2":2,"3":2,"4":0,"5":0,"6":0,"7":0,"8":0,"9":0,"10":0,"11":0,"12":0,"13":0,"14":0,"15":0,"16":0,"17":0,"18":0,"19":2,"20":2},"f":{"0":2,"1":0,"2":0,"3":0,"4":0,"5":0,"6":0,"7":0},"b":{"0":[0],"1":[0,0],"2":[0,0],"3":[0],"4":[0,0]}}
,"/Users/luansilveira/dev/ai-coverage-improver/apps/backend/src/infrastructure/db/installation.repository.ts": {"path":"/Users/luansilveira/dev/ai-coverage-improver/apps/backend/src/infrastructure/db/installation.repository.ts","statementMap":{"0":{"start":{"line":1,"column":0},"end":{"line":1,"column":44}},"1":{"start":{"line":2,"column":0},"end":{"line":2,"column":49}},"2":{"start":{"line":18,"column":7},"end":{"line":52,"column":null}},"3":{"start":{"line":19,"column":31},"end":{"line":19,"column":39}},"4":{"start":{"line":22,"column":4},"end":{"line":33,"column":7}},"5":{"start":{"line":37,"column":25},"end":{"line":39,"column":6}},"6":{"start":{"line":41,"column":4},"end":{"line":41,"column":35}},"7":{"start":{"line":41,"column":23},"end":{"line":41,"column":35}},"8":{"start":{"line":43,"column":4},"end":{"line":50,"column":6}},"9":{"start":{"line":18,"column":13},"end":{"line":18,"column":35}},"10":{"start":{"line":18,"column":13},"end":{"line":52,"column":null}}},"fnMap":{"0":{"name":"(anonymous_2)","decl":{"start":{"line":19,"column":2},"end":{"line":19,"column":31}},"loc":{"start":{"line":19,"column":52},"end":{"line":19,"column":56}}},"1":{"name":"(anonymous_3)","decl":{"start":{"line":21,"column":2},"end":{"line":21,"column":7}},"loc":{"start":{"line":21,"column":81},"end":{"line":34,"column":3}}},"2":{"name":"(anonymous_4)","decl":{"start":{"line":36,"column":2},"end":{"line":36,"column":7}},"loc":{"start":{"line":36,"column":51},"end":{"line":51,"column":3}}}},"branchMap":{"0":{"loc":{"start":{"line":41,"column":4},"end":{"line":41,"column":35}},"type":"if","locations":[{"start":{"line":41,"column":4},"end":{"line":41,"column":35}}]}},"s":{"0":2,"1":2,"2":2,"3":2,"4":0,"5":0,"6":0,"7":0,"8":0,"9":2,"10":2},"f":{"0":2,"1":0,"2":0},"b":{"0":[0]}}
,"/Users/luansilveira/dev/ai-coverage-improver/apps/backend/src/infrastructure/db/job.repository.ts": {"path":"/Users/luansilveira/dev/ai-coverage-improver/apps/backend/src/infrastructure/db/job.repository.ts","statementMap":{"0":{"start":{"line":1,"column":0},"end":{"line":1,"column":44}},"1":{"start":{"line":3,"column":0},"end":{"line":3,"column":49}},"2":{"start":{"line":16,"column":7},"end":{"line":138,"column":null}},"3":{"start":{"line":17,"column":31},"end":{"line":17,"column":39}},"4":{"start":{"line":20,"column":16},"end":{"line":22,"column":6}},"5":{"start":{"line":24,"column":4},"end":{"line":24,"column":31}},"6":{"start":{"line":24,"column":14},"end":{"line":24,"column":31}},"7":{"start":{"line":26,"column":4},"end":{"line":39,"column":6}},"8":{"start":{"line":46,"column":16},"end":{"line":57,"column":6}},"9":{"start":{"line":59,"column":4},"end":{"line":59,"column":31}},"10":{"start":{"line":59,"column":14},"end":{"line":59,"column":31}},"11":{"start":{"line":61,"column":4},"end":{"line":74,"column":6}},"12":{"start":{"line":78,"column":16},"end":{"line":85,"column":6}},"13":{"start":{"line":87,"column":4},"end":{"line":100,"column":6}},"14":{"start":{"line":108,"column":16},"end":{"line":121,"column":6}},"15":{"start":{"line":123,"column":4},"end":{"line":136,"column":6}},"16":{"start":{"line":16,"column":13},"end":{"line":16,"column":26}},"17":{"start":{"line":16,"column":13},"end":{"line":138,"column":null}}},"fnMap":{"0":{"name":"(anonymous_2)","decl":{"start":{"line":17,"column":2},"end":{"line":17,"column":31}},"loc":{"start":{"line":17,"column":52},"end":{"line":17,"column":56}}},"1":{"name":"(anonymous_3)","decl":{"start":{"line":19,"column":2},"end":{"line":19,"column":7}},"loc":{"start":{"line":19,"column":27},"end":{"line":40,"column":3}}},"2":{"name":"(anonymous_4)","decl":{"start":{"line":42,"column":2},"end":{"line":42,"column":7}},"loc":{"start":{"line":44,"column":20},"end":{"line":75,"column":3}}},"3":{"name":"(anonymous_5)","decl":{"start":{"line":77,"column":2},"end":{"line":77,"column":7}},"loc":{"start":{"line":77,"column":45},"end":{"line":101,"column":3}}},"4":{"name":"(anonymous_6)","decl":{"start":{"line":103,"column":2},"end":{"line":103,"column":7}},"loc":{"start":{"line":106,"column":42},"end":{"line":137,"column":3}}}},"branchMap":{"0":{"loc":{"start":{"line":24,"column":4},"end":{"line":24,"column":31}},"type":"if","locations":[{"start":{"line":24,"column":4},"end":{"line":24,"column":31}}]},"1":{"loc":{"start":{"line":31,"column":25},"end":{"line":31,"column":52}},"type":"binary-expr","locations":[{"start":{"line":31,"column":25},"end":{"line":31,"column":46}},{"start":{"line":31,"column":50},"end":{"line":31,"column":52}}]},"2":{"loc":{"start":{"line":33,"column":17},"end":{"line":33,"column":43}},"type":"binary-expr","locations":[{"start":{"line":33,"column":17},"end":{"line":33,"column":30}},{"start":{"line":33,"column":34},"end":{"line":33,"column":43}}]},"3":{"loc":{"start":{"line":34,"column":18},"end":{"line":34,"column":45}},"type":"binary-expr","locations":[{"start":{"line":34,"column":18},"end":{"line":34,"column":32}},{"start":{"line":34,"column":36},"end":{"line":34,"column":45}}]},"4":{"loc":{"start":{"line":35,"column":22},"end":{"line":35,"column":53}},"type":"binary-expr","locations":[{"start":{"line":35,"column":22},"end":{"line":35,"column":40}},{"start":{"line":35,"column":44},"end":{"line":35,"column":53}}]},"5":{"loc":{"start":{"line":36,"column":25},"end":{"line":36,"column":59}},"type":"binary-expr","locations":[{"start":{"line":36,"column":25},"end":{"line":36,"column":46}},{"start":{"line":36,"column":50},"end":{"line":36,"column":59}}]},"6":{"loc":{"start":{"line":37,"column":19},"end":{"line":37,"column":47}},"type":"binary-expr","locations":[{"start":{"line":37,"column":19},"end":{"line":37,"column":34}},{"start":{"line":37,"column":38},"end":{"line":37,"column":47}}]},"7":{"loc":{"start":{"line":38,"column":22},"end":{"line":38,"column":53}},"type":"binary-expr","locations":[{"start":{"line":38,"column":22},"end":{"line":38,"column":40}},{"start":{"line":38,"column":44},"end":{"line":38,"column":53}}]},"8":{"loc":{"start":{"line":59,"column":4},"end":{"line":59,"column":31}},"type":"if","locations":[{"start":{"line":59,"column":4},"end":{"line":59,"column":31}}]},"9":{"loc":{"start":{"line":66,"column":25},"end":{"line":66,"column":52}},"type":"binary-expr","locations":[{"start":{"line":66,"column":25},"end":{"line":66,"column":46}},{"start":{"line":66,"column":50},"end":{"line":66,"column":52}}]},"10":{"loc":{"start":{"line":68,"column":17},"end":{"line":68,"column":43}},"type":"binary-expr","locations":[{"start":{"line":68,"column":17},"end":{"line":68,"column":30}},{"start":{"line":68,"column":34},"end":{"line":68,"column":43}}]},"11":{"loc":{"start":{"line":69,"column":18},"end":{"line":69,"column":45}},"type":"binary-expr","locations":[{"start":{"line":69,"column":18},"end":{"line":69,"column":32}},{"start":{"line":69,"column":36},"end":{"line":69,"column":45}}]},"12":{"loc":{"start":{"line":70,"column":22},"end":{"line":70,"column":53}},"type":"binary-expr","locations":[{"start":{"line":70,"column":22},"end":{"line":70,"column":40}},{"start":{"line":70,"column":44},"end":{"line":70,"column":53}}]},"13":{"loc":{"start":{"line":71,"column":25},"end":{"line":71,"column":59}},"type":"binary-expr","locations":[{"start":{"line":71,"column":25},"end":{"line":71,"column":46}},{"start":{"line":71,"column":50},"end":{"line":71,"column":59}}]},"14":{"loc":{"start":{"line":72,"column":19},"end":{"line":72,"column":47}},"type":"binary-expr","locations":[{"start":{"line":72,"column":19},"end":{"line":72,"column":34}},{"start":{"line":72,"column":38},"end":{"line":72,"column":47}}]},"15":{"loc":{"start":{"line":73,"column":22},"end":{"line":73,"column":53}},"type":"binary-expr","locations":[{"start":{"line":73,"column":22},"end":{"line":73,"column":40}},{"start":{"line":73,"column":44},"end":{"line":73,"column":53}}]},"16":{"loc":{"start":{"line":92,"column":25},"end":{"line":92,"column":52}},"type":"binary-expr","locations":[{"start":{"line":92,"column":25},"end":{"line":92,"column":46}},{"start":{"line":92,"column":50},"end":{"line":92,"column":52}}]},"17":{"loc":{"start":{"line":94,"column":17},"end":{"line":94,"column":43}},"type":"binary-expr","locations":[{"start":{"line":94,"column":17},"end":{"line":94,"column":30}},{"start":{"line":94,"column":34},"end":{"line":94,"column":43}}]},"18":{"loc":{"start":{"line":95,"column":18},"end":{"line":95,"column":45}},"type":"binary-expr","locations":[{"start":{"line":95,"column":18},"end":{"line":95,"column":32}},{"start":{"line":95,"column":36},"end":{"line":95,"column":45}}]},"19":{"loc":{"start":{"line":96,"column":22},"end":{"line":96,"column":53}},"type":"binary-expr","locations":[{"start":{"line":96,"column":22},"end":{"line":96,"column":40}},{"start":{"line":96,"column":44},"end":{"line":96,"column":53}}]},"20":{"loc":{"start":{"line":97,"column":25},"end":{"line":97,"column":59}},"type":"binary-expr","locations":[{"start":{"line":97,"column":25},"end":{"line":97,"column":46}},{"start":{"line":97,"column":50},"end":{"line":97,"column":59}}]},"21":{"loc":{"start":{"line":98,"column":19},"end":{"line":98,"column":47}},"type":"binary-expr","locations":[{"start":{"line":98,"column":19},"end":{"line":98,"column":34}},{"start":{"line":98,"column":38},"end":{"line":98,"column":47}}]},"22":{"loc":{"start":{"line":99,"column":22},"end":{"line":99,"column":53}},"type":"binary-expr","locations":[{"start":{"line":99,"column":22},"end":{"line":99,"column":40}},{"start":{"line":99,"column":44},"end":{"line":99,"column":53}}]},"23":{"loc":{"start":{"line":112,"column":12},"end":{"line":112,"column":66}},"type":"binary-expr","locations":[{"start":{"line":112,"column":12},"end":{"line":112,"column":30}},{"start":{"line":112,"column":34},"end":{"line":112,"column":66}}]},"24":{"loc":{"start":{"line":113,"column":12},"end":{"line":113,"column":69}},"type":"binary-expr","locations":[{"start":{"line":113,"column":12},"end":{"line":113,"column":31}},{"start":{"line":113,"column":35},"end":{"line":113,"column":69}}]},"25":{"loc":{"start":{"line":114,"column":12},"end":{"line":114,"column":81}},"type":"binary-expr","locations":[{"start":{"line":114,"column":12},"end":{"line":114,"column":35}},{"start":{"line":114,"column":39},"end":{"line":114,"column":81}}]},"26":{"loc":{"start":{"line":115,"column":12},"end":{"line":117,"column":10}},"type":"binary-expr","locations":[{"start":{"line":115,"column":12},"end":{"line":115,"column":52}},{"start":{"line":115,"column":56},"end":{"line":117,"column":10}}]},"27":{"loc":{"start":{"line":118,"column":12},"end":{"line":118,"column":72}},"type":"binary-expr","locations":[{"start":{"line":118,"column":12},"end":{"line":118,"column":32}},{"start":{"line":118,"column":36},"end":{"line":118,"column":72}}]},"28":{"loc":{"start":{"line":119,"column":12},"end":{"line":119,"column":81}},"type":"binary-expr","locations":[{"start":{"line":119,"column":12},"end":{"line":119,"column":35}},{"start":{"line":119,"column":39},"end":{"line":119,"column":81}}]},"29":{"loc":{"start":{"line":128,"column":25},"end":{"line":128,"column":52}},"type":"binary-expr","locations":[{"start":{"line":128,"column":25},"end":{"line":128,"column":46}},{"start":{"line":128,"column":50},"end":{"line":128,"column":52}}]},"30":{"loc":{"start":{"line":130,"column":17},"end":{"line":130,"column":43}},"type":"binary-expr","locations":[{"start":{"line":130,"column":17},"end":{"line":130,"column":30}},{"start":{"line":130,"column":34},"end":{"line":130,"column":43}}]},"31":{"loc":{"start":{"line":131,"column":18},"end":{"line":131,"column":45}},"type":"binary-expr","locations":[{"start":{"line":131,"column":18},"end":{"line":131,"column":32}},{"start":{"line":131,"column":36},"end":{"line":131,"column":45}}]},"32":{"loc":{"start":{"line":132,"column":22},"end":{"line":132,"column":53}},"type":"binary-expr","locations":[{"start":{"line":132,"column":22},"end":{"line":132,"column":40}},{"start":{"line":132,"column":44},"end":{"line":132,"column":53}}]},"33":{"loc":{"start":{"line":133,"column":25},"end":{"line":133,"column":59}},"type":"binary-expr","locations":[{"start":{"line":133,"column":25},"end":{"line":133,"column":46}},{"start":{"line":133,"column":50},"end":{"line":133,"column":59}}]},"34":{"loc":{"start":{"line":134,"column":19},"end":{"line":134,"column":47}},"type":"binary-expr","locations":[{"start":{"line":134,"column":19},"end":{"line":134,"column":34}},{"start":{"line":134,"column":38},"end":{"line":134,"column":47}}]},"35":{"loc":{"start":{"line":135,"column":22},"end":{"line":135,"column":53}},"type":"binary-expr","locations":[{"start":{"line":135,"column":22},"end":{"line":135,"column":40}},{"start":{"line":135,"column":44},"end":{"line":135,"column":53}}]}},"s":{"0":2,"1":2,"2":2,"3":2,"4":0,"5":0,"6":0,"7":0,"8":6,"9":6,"10":5,"11":1,"12":5,"13":5,"14":0,"15":0,"16":2,"17":2},"f":{"0":2,"1":0,"2":6,"3":5,"4":0},"b":{"0":[0],"1":[0,0],"2":[0,0],"3":[0,0],"4":[0,0],"5":[0,0],"6":[0,0],"7":[0,0],"8":[5],"9":[1,0],"10":[1,1],"11":[1,1],"12":[1,1],"13":[1,1],"14":[1,1],"15":[1,1],"16":[5,0],"17":[5,5],"18":[5,5],"19":[5,5],"20":[5,5],"21":[5,5],"22":[5,5],"23":[0,0],"24":[0,0],"25":[0,0],"26":[0,0],"27":[0,0],"28":[0,0],"29":[0,0],"30":[0,0],"31":[0,0],"32":[0,0],"33":[0,0],"34":[0,0],"35":[0,0]}}
,"/Users/luansilveira/dev/ai-coverage-improver/apps/backend/src/infrastructure/db/prisma.service.ts": {"path":"/Users/luansilveira/dev/ai-coverage-improver/apps/backend/src/infrastructure/db/prisma.service.ts","statementMap":{"0":{"start":{"line":1,"column":0},"end":{"line":1,"column":75}},"1":{"start":{"line":2,"column":0},"end":{"line":2,"column":46}},"2":{"start":{"line":3,"column":0},"end":{"line":3,"column":29}},"3":{"start":{"line":11,"column":7},"end":{"line":32,"column":null}},"4":{"start":{"line":13,"column":22},"end":{"line":13,"column":91}},"5":{"start":{"line":14,"column":4},"end":{"line":20,"column":7}},"6":{"start":{"line":24,"column":4},"end":{"line":24,"column":26}},"7":{"start":{"line":25,"column":4},"end":{"line":25,"column":40}},"8":{"start":{"line":29,"column":4},"end":{"line":29,"column":29}},"9":{"start":{"line":30,"column":4},"end":{"line":30,"column":43}},"10":{"start":{"line":11,"column":13},"end":{"line":11,"column":26}},"11":{"start":{"line":11,"column":13},"end":{"line":32,"column":null}}},"fnMap":{"0":{"name":"(anonymous_11)","decl":{"start":{"line":12,"column":2},"end":{"line":12,"column":null}},"loc":{"start":{"line":12,"column":2},"end":{"line":21,"column":3}}},"1":{"name":"(anonymous_12)","decl":{"start":{"line":23,"column":2},"end":{"line":23,"column":7}},"loc":{"start":{"line":23,"column":20},"end":{"line":26,"column":3}}},"2":{"name":"(anonymous_13)","decl":{"start":{"line":28,"column":2},"end":{"line":28,"column":7}},"loc":{"start":{"line":28,"column":23},"end":{"line":31,"column":3}}}},"branchMap":{"0":{"loc":{"start":{"line":17,"column":15},"end":{"line":17,"column":52}},"type":"binary-expr","locations":[{"start":{"line":17,"column":15},"end":{"line":17,"column":39}},{"start":{"line":17,"column":43},"end":{"line":17,"column":52}}]}},"s":{"0":2,"1":2,"2":2,"3":2,"4":2,"5":2,"6":2,"7":2,"8":2,"9":2,"10":2,"11":2},"f":{"0":2,"1":2,"2":2},"b":{"0":[2,0]}}
,"/Users/luansilveira/dev/ai-coverage-improver/apps/backend/src/infrastructure/db/repository.repository.ts": {"path":"/Users/luansilveira/dev/ai-coverage-improver/apps/backend/src/infrastructure/db/repository.repository.ts","statementMap":{"0":{"start":{"line":1,"column":0},"end":{"line":1,"column":44}},"1":{"start":{"line":2,"column":0},"end":{"line":2,"column":49}},"2":{"start":{"line":27,"column":7},"end":{"line":105,"column":null}},"3":{"start":{"line":28,"column":31},"end":{"line":28,"column":39}},"4":{"start":{"line":31,"column":17},"end":{"line":50,"column":6}},"5":{"start":{"line":52,"column":4},"end":{"line":59,"column":null}},"6":{"start":{"line":63,"column":17},"end":{"line":65,"column":6}},"7":{"start":{"line":67,"column":4},"end":{"line":67,"column":27}},"8":{"start":{"line":67,"column":15},"end":{"line":67,"column":27}},"9":{"start":{"line":69,"column":4},"end":{"line":76,"column":6}},"10":{"start":{"line":84,"column":17},"end":{"line":92,"column":6}},"11":{"start":{"line":94,"column":4},"end":{"line":94,"column":27}},"12":{"start":{"line":94,"column":15},"end":{"line":94,"column":27}},"13":{"start":{"line":96,"column":4},"end":{"line":103,"column":6}},"14":{"start":{"line":27,"column":13},"end":{"line":27,"column":33}},"15":{"start":{"line":27,"column":13},"end":{"line":105,"column":null}}},"fnMap":{"0":{"name":"(anonymous_2)","decl":{"start":{"line":28,"column":2},"end":{"line":28,"column":31}},"loc":{"start":{"line":28,"column":52},"end":{"line":28,"column":56}}},"1":{"name":"(anonymous_3)","decl":{"start":{"line":30,"column":2},"end":{"line":30,"column":7}},"loc":{"start":{"line":30,"column":43},"end":{"line":60,"column":3}}},"2":{"name":"(anonymous_4)","decl":{"start":{"line":62,"column":2},"end":{"line":62,"column":7}},"loc":{"start":{"line":62,"column":27},"end":{"line":77,"column":3}}},"3":{"name":"(anonymous_5)","decl":{"start":{"line":79,"column":2},"end":{"line":79,"column":7}},"loc":{"start":{"line":82,"column":16},"end":{"line":104,"column":3}}}},"branchMap":{"0":{"loc":{"start":{"line":44,"column":24},"end":{"line":44,"column":52}},"type":"binary-expr","locations":[{"start":{"line":44,"column":24},"end":{"line":44,"column":44}},{"start":{"line":44,"column":48},"end":{"line":44,"column":52}}]},"1":{"loc":{"start":{"line":48,"column":24},"end":{"line":48,"column":52}},"type":"binary-expr","locations":[{"start":{"line":48,"column":24},"end":{"line":48,"column":44}},{"start":{"line":48,"column":48},"end":{"line":48,"column":52}}]},"2":{"loc":{"start":{"line":67,"column":4},"end":{"line":67,"column":27}},"type":"if","locations":[{"start":{"line":67,"column":4},"end":{"line":67,"column":27}}]},"3":{"loc":{"start":{"line":94,"column":4},"end":{"line":94,"column":27}},"type":"if","locations":[{"start":{"line":94,"column":4},"end":{"line":94,"column":27}}]}},"s":{"0":2,"1":2,"2":2,"3":2,"4":0,"5":0,"6":7,"7":7,"8":1,"9":6,"10":0,"11":0,"12":0,"13":0,"14":2,"15":2},"f":{"0":2,"1":0,"2":7,"3":0},"b":{"0":[0,0],"1":[0,0],"2":[1],"3":[0]}}
[...]
,"/Users/luansilveira/dev/ai-coverage-improver/packages/coverage/src/parser.ts": {"path":"/Users/luansilveira/dev/ai-coverage-improver/packages/coverage/src/parser.ts","statementMap":{"0":{"start":{"line":21,"column":25},"end":{"line":21,"column":100}},"1":{"start":{"line":21,"column":47},"end":{"line":21,"column":100}},"2":{"start":{"line":23,"column":14},"end":{"line":23,"column":62}},"3":{"start":{"line":23,"column":33},"end":{"line":23,"column":62}},"4":{"start":{"line":25,"column":19},"end":{"line":39,"column":1}},"5":{"start":{"line":31,"column":2},"end":{"line":33,"column":3}},"6":{"start":{"line":32,"column":4},"end":{"line":32,"column":11}},"7":{"start":{"line":34,"column":2},"end":{"line":38,"column":5}},"8":{"start":{"line":41,"column":36},"end":{"line":50,"column":1}},"9":{"start":{"line":46,"column":2},"end":{"line":48,"column":3}},"10":{"start":{"line":47,"column":4},"end":{"line":47,"column":44}},"11":{"start":{"line":49,"column":2},"end":{"line":49,"column":50}},"12":{"start":{"line":41,"column":13},"end":{"line":41,"column":36}},"13":{"start":{"line":52,"column":25},"end":{"line":83,"column":1}},"14":{"start":{"line":53,"column":38},"end":{"line":53,"column":40}},"15":{"start":{"line":54,"column":20},"end":{"line":54,"column":22}},"16":{"start":{"line":55,"column":19},"end":{"line":55,"column":20}},"17":{"start":{"line":56,"column":17},"end":{"line":56,"column":18}},"18":{"start":{"line":58,"column":16},"end":{"line":65,"column":3}},"19":{"start":{"line":59,"column":4},"end":{"line":59,"column":49}},"20":{"start":{"line":59,"column":42},"end":{"line":59,"column":49}},"21":{"start":{"line":60,"column":16},"end":{"line":60,"column":45}},"22":{"start":{"line":61,"column":4},"end":{"line":61,"column":54}},"23":{"start":{"line":62,"column":4},"end":{"line":62,"column":21}},"24":{"start":{"line":63,"column":4},"end":{"line":63,"column":19}},"25":{"start":{"line":64,"column":4},"end":{"line":64,"column":17}},"26":{"start":{"line":67,"column":2},"end":{"line":79,"column":3}},"27":{"start":{"line":68,"column":17},"end":{"line":68,"column":31}},"28":{"start":{"line":69,"column":4},"end":{"line":78,"column":5}},"29":{"start":{"line":70,"column":6},"end":{"line":70,"column":14}},"30":{"start":{"line":71,"column":6},"end":{"line":71,"column":38}},"31":{"start":{"line":72,"column":11},"end":{"line":78,"column":5}},"32":{"start":{"line":73,"column":6},"end":{"line":73,"column":50}},"33":{"start":{"line":74,"column":11},"end":{"line":78,"column":5}},"34":{"start":{"line":75,"column":6},"end":{"line":75,"column":48}},"35":{"start":{"line":76,"column":11},"end":{"line":78,"column":5}},"36":{"start":{"line":77,"column":6},"end":{"line":77,"column":14}},"37":{"start":{"line":80,"column":2},"end":{"line":80,"column":10}},"38":{"start":{"line":82,"column":2},"end":{"line":82,"column":49}},"39":{"start":{"line":52,"column":13},"end":{"line":52,"column":25}},"40":{"start":{"line":85,"column":33},"end":{"line":103,"column":1}},"41":{"start":{"line":86,"column":38},"end":{"line":86,"column":40}},"42":{"start":{"line":87,"column":18},"end":{"line":87,"column":60}},"43":{"start":{"line":89,"column":2},"end":{"line":100,"column":3}},"44":{"start":{"line":90,"column":4},"end":{"line":90,"column":58}},"45":{"start":{"line":90,"column":49},"end":{"line":90,"column":58}},"46":{"start":{"line":91,"column":18},"end":{"line":91,"column":42}},"47":{"start":{"line":93,"column":6},"end":{"line":97,"column":21}},"48":{"start":{"line":98,"column":4},"end":{"line":98,"column":63}},"49":{"start":{"line":98,"column":54},"end":{"line":98,"column":63}},"50":{"start":{"line":99,"column":4},"end":{"line":99,"column":51}},"51":{"start":{"line":102,"column":2},"end":{"line":102,"column":49}},"52":{"start":{"line":85,"column":13},"end":{"line":85,"column":33}}},"fnMap":{"0":{"name":"(anonymous_0)","decl":{"start":{"line":21,"column":25},"end":{"line":21,"column":26}},"loc":{"start":{"line":21,"column":47},"end":{"line":21,"column":100}}},"1":{"name":"(anonymous_1)","decl":{"start":{"line":23,"column":14},"end":{"line":23,"column":15}},"loc":{"start":{"line":23,"column":33},"end":{"line":23,"column":62}}},"2":{"name":"(anonymous_2)","decl":{"start":{"line":25,"column":19},"end":{"line":25,"column":null}},"loc":{"start":{"line":30,"column":4},"end":{"line":39,"column":1}}},"3":{"name":"(anonymous_3)","decl":{"start":{"line":41,"column":36},"end":{"line":41,"column":37}},"loc":{"start":{"line":45,"column":46},"end":{"line":50,"column":1}}},"4":{"name":"(anonymous_4)","decl":{"start":{"line":52,"column":25},"end":{"line":52,"column":26}},"loc":{"start":{"line":52,"column":88},"end":{"line":83,"column":1}}},"5":{"name":"(anonymous_5)","decl":{"start":{"line":58,"column":16},"end":{"line":58,"column":19}},"loc":{"start":{"line":58,"column":21},"end":{"line":65,"column":3}}},"6":{"name":"(anonymous_6)","decl":{"start":{"line":85,"column":33},"end":{"line":85,"column":34}},"loc":{"start":{"line":85,"column":96},"end":{"line":103,"column":1}}}},"branchMap":{"0":{"loc":{"start":{"line":21,"column":47},"end":{"line":21,"column":100}},"type":"binary-expr","locations":[{"start":{"line":21,"column":47},"end":{"line":21,"column":71}},{"start":{"line":21,"column":75},"end":{"line":21,"column":100}}]},"1":{"loc":{"start":{"line":31,"column":2},"end":{"line":33,"column":3}},"type":"if","locations":[{"start":{"line":31,"column":2},"end":{"line":33,"column":3}}]},"2":{"loc":{"start":{"line":44,"column":2},"end":{"line":44,"column":19}},"type":"default-arg","locations":[{"start":{"line":44,"column":17},"end":{"line":44,"column":19}}]},"3":{"loc":{"start":{"line":46,"column":2},"end":{"line":48,"column":3}},"type":"if","locations":[{"start":{"line":46,"column":2},"end":{"line":48,"column":3}}]},"4":{"loc":{"start":{"line":59,"column":4},"end":{"line":59,"column":49}},"type":"if","locations":[{"start":{"line":59,"column":4},"end":{"line":59,"column":49}}]},"5":{"loc":{"start":{"line":59,"column":8},"end":{"line":59,"column":40}},"type":"binary-expr","locations":[{"start":{"line":59,"column":8},"end":{"line":59,"column":20}},{"start":{"line":59,"column":24},"end":{"line":59,"column":40}}]},"6":{"loc":{"start":{"line":69,"column":4},"end":{"line":78,"column":5}},"type":"if","locations":[{"start":{"line":69,"column":4},"end":{"line":78,"column":5}},{"start":{"line":72,"column":11},"end":{"line":78,"column":5}}]},"7":{"loc":{"start":{"line":72,"column":11},"end":{"line":78,"column":5}},"type":"if","locations":[{"start":{"line":72,"column":11},"end":{"line":78,"column":5}},{"start":{"line":74,"column":11},"end":{"line":78,"column":5}}]},"8":{"loc":{"start":{"line":73,"column":19},"end":{"line":73,"column":49}},"type":"binary-expr","locations":[{"start":{"line":73,"column":19},"end":{"line":73,"column":44}},{"start":{"line":73,"column":48},"end":{"line":73,"column":49}}]},"9":{"loc":{"start":{"line":74,"column":11},"end":{"line":78,"column":5}},"type":"if","locations":[{"start":{"line":74,"column":11},"end":{"line":78,"column":5}},{"start":{"line":76,"column":11},"end":{"line":78,"column":5}}]},"10":{"loc":{"start":{"line":75,"column":17},"end":{"line":75,"column":47}},"type":"binary-expr","locations":[{"start":{"line":75,"column":17},"end":{"line":75,"column":42}},{"start":{"line":75,"column":46},"end":{"line":75,"column":47}}]},"11":{"loc":{"start":{"line":76,"column":11},"end":{"line":78,"column":5}},"type":"if","locations":[{"start":{"line":76,"column":11},"end":{"line":78,"column":5}}]},"12":{"loc":{"start":{"line":90,"column":4},"end":{"line":90,"column":58}},"type":"if","locations":[{"start":{"line":90,"column":4},"end":{"line":90,"column":58}}]},"13":{"loc":{"start":{"line":90,"column":8},"end":{"line":90,"column":47}},"type":"binary-expr","locations":[{"start":{"line":90,"column":8},"end":{"line":90,"column":16}},{"start":{"line":90,"column":20},"end":{"line":90,"column":47}}]},"14":{"loc":{"start":{"line":91,"column":18},"end":{"line":91,"column":42}},"type":"binary-expr","locations":[{"start":{"line":91,"column":18},"end":{"line":91,"column":31}},{"start":{"line":91,"column":35},"end":{"line":91,"column":42}}]},"15":{"loc":{"start":{"line":93,"column":6},"end":{"line":97,"column":21}},"type":"cond-expr","locations":[{"start":{"line":94,"column":10},"end":{"line":94,"column":19}},{"start":{"line":95,"column":10},"end":{"line":97,"column":21}}]},"16":{"loc":{"start":{"line":95,"column":10},"end":{"line":97,"column":21}},"type":"cond-expr","locations":[{"start":{"line":96,"column":12},"end":{"line":96,"column":60}},{"start":{"line":97,"column":12},"end":{"line":97,"column":21}}]},"17":{"loc":{"start":{"line":95,"column":10},"end":{"line":95,"column":80}},"type":"binary-expr","locations":[{"start":{"line":95,"column":10},"end":{"line":95,"column":44}},{"start":{"line":95,"column":48},"end":{"line":95,"column":80}}]},"18":{"loc":{"start":{"line":98,"column":4},"end":{"line":98,"column":63}},"type":"if","locations":[{"start":{"line":98,"column":4},"end":{"line":98,"column":63}}]},"19":{"loc":{"start":{"line":98,"column":8},"end":{"line":98,"column":52}},"type":"binary-expr","locations":[{"start":{"line":98,"column":8},"end":{"line":98,"column":31}},{"start":{"line":98,"column":35},"end":{"line":98,"column":52}}]}},"s":{"0":2,"1":0,"2":2,"3":0,"4":2,"5":0,"6":0,"7":0,"8":2,"9":0,"10":0,"11":0,"12":2,"13":2,"14":0,"15":0,"16":0,"17":0,"18":0,"19":0,"20":0,"21":0,"22":0,"23":0,"24":0,"25":0,"26":0,"27":0,"28":0,"29":0,"30":0,"31":0,"32":0,"33":0,"34":0,"35":0,"36":0,"37":0,"38":0,"39":2,"40":2,"41":0,"42":0,"43":0,"44":0,"45":0,"46":0,"47":0,"48":0,"49":0,"50":0,"51":0,"52":2},"f":{"0":0,"1":0,"2":0,"3":0,"4":0,"5":0,"6":0},"b":{"0":[0,0],"1":[0],"2":[0],"3":[0],"4":[0],"5":[0,0],"6":[0,0],"7":[0,0],"8":[0,0],"9":[0,0],"10":[0,0],"11":[0],"12":[0],"13":[0,0],"14":[0,0],"15":[0,0],"16":[0,0],"17":[0,0],"18":[0],"19":[0,0]}}
,"/Users/luansilveira/dev/ai-coverage-improver/packages/github/src/pr.ts": {"path":"/Users/luansilveira/dev/ai-coverage-improver/packages/github/src/pr.ts","statementMap":{"0":{"start":{"line":1,"column":0},"end":{"line":1,"column":40}},"1":{"start":{"line":29,"column":34},"end":{"line":44,"column":1}},"2":{"start":{"line":31,"column":2},"end":{"line":35,"column":3}},"3":{"start":{"line":32,"column":4},"end":{"line":34,"column":7}},"4":{"start":{"line":43,"column":2},"end":{"line":43,"column":113}},"5":{"start":{"line":29,"column":13},"end":{"line":29,"column":34}},"6":{"start":{"line":49,"column":34},"end":{"line":53,"column":1}},"7":{"start":{"line":50,"column":24},"end":{"line":50,"column":82}},"8":{"start":{"line":51,"column":20},"end":{"line":51,"column":30}},"9":{"start":{"line":52,"column":2},"end":{"line":52,"column":65}},"10":{"start":{"line":49,"column":13},"end":{"line":49,"column":34}},"11":{"start":{"line":58,"column":30},"end":{"line":93,"column":1}},"12":{"start":{"line":64,"column":2},"end":{"line":92,"column":3}},"13":{"start":{"line":65,"column":35},"end":{"line":70,"column":6}},"14":{"start":{"line":73,"column":23},"end":{"line":78,"column":6}},"15":{"start":{"line":74,"column":6},"end":{"line":77,"column":8}},"16":{"start":{"line":80,"column":4},"end":{"line":86,"column":5}},"17":{"start":{"line":81,"column":6},"end":{"line":85,"column":8}},"18":{"start":{"line":88,"column":4},"end":{"line":88,"column":16}},"19":{"start":{"line":90,"column":4},"end":{"line":90,"column":55}},"20":{"start":{"line":91,"column":4},"end":{"line":91,"column":16}},"21":{"start":{"line":58,"column":13},"end":{"line":58,"column":30}},"22":{"start":{"line":98,"column":41},"end":{"line":115,"column":1}},"23":{"start":{"line":102,"column":81},"end":{"line":102,"column":88}},"24":{"start":{"line":105,"column":21},"end":{"line":105,"column":78}},"25":{"start":{"line":107,"column":2},"end":{"line":111,"column":3}},"26":{"start":{"line":109,"column":4},"end":{"line":109,"column":108}},"27":{"start":{"line":110,"column":4},"end":{"line":110,"column":22}},"28":{"start":{"line":114,"column":2},"end":{"line":114,"column":103}},"29":{"start":{"line":98,"column":13},"end":{"line":98,"column":41}},"30":{"start":{"line":120,"column":20},"end":{"line":231,"column":1}},"31":{"start":{"line":130,"column":21},"end":{"line":130,"column":55}},"32":{"start":{"line":133,"column":28},"end":{"line":137,"column":4}},"33":{"start":{"line":138,"column":18},"end":{"line":138,"column":36}},"34":{"start":{"line":141,"column":2},"end":{"line":146,"column":5}},"35":{"start":{"line":149,"column":29},"end":{"line":154,"column":4}},"36":{"start":{"line":157,"column":31},"end":{"line":161,"column":4}},"37":{"start":{"line":164,"column":28},"end":{"line":176,"column":4}},"38":{"start":{"line":179,"column":30},"end":{"line":185,"column":4}},"39":{"start":{"line":188,"column":2},"end":{"line":193,"column":5}},"40":{"start":{"line":196,"column":23},"end":{"line":224,"column":4}},"41":{"start":{"line":226,"column":2},"end":{"line":230,"column":4}},"42":{"start":{"line":236,"column":23},"end":{"line":299,"column":1}},"43":{"start":{"line":246,"column":28},"end":{"line":250,"column":4}},"44":{"start":{"line":251,"column":21},"end":{"line":251,"column":39}},"45":{"start":{"line":254,"column":29},"end":{"line":259,"column":4}},"46":{"start":{"line":262,"column":34},"end":{"line":266,"column":4}},"47":{"start":{"line":269,"column":28},"end":{"line":281,"column":4}},"48":{"start":{"line":284,"column":30},"end":{"line":290,"column":4}},"49":{"start":{"line":293,"column":2},"end":{"line":298,"column":5}}},"fnMap":{"0":{"name":"(anonymous_0)","decl":{"start":{"line":29,"column":34},"end":{"line":29,"column":35}},"loc":{"start":{"line":29,"column":76},"end":{"line":44,"column":1}}},"1":{"name":"(anonymous_1)","decl":{"start":{"line":49,"column":34},"end":{"line":49,"column":35}},"loc":{"start":{"line":49,"column":69},"end":{"line":53,"column":1}}},"2":{"name":"(anonymous_2)","decl":{"start":{"line":58,"column":30},"end":{"line":58,"column":35}},"loc":{"start":{"line":63,"column":33},"end":{"line":93,"column":1}}},"3":{"name":"(anonymous_3)","decl":{"start":{"line":73,"column":41},"end":{"line":73,"column":42}},"loc":{"start":{"line":73,"column":48},"end":{"line":78,"column":5}}},"4":{"name":"(anonymous_4)","decl":{"start":{"line":98,"column":41},"end":{"line":98,"column":46}},"loc":{"start":{"line":101,"column":26},"end":{"line":115,"column":1}}},"5":{"name":"(anonymous_5)","decl":{"start":{"line":120,"column":20},"end":{"line":120,"column":25}},"loc":{"start":{"line":128,"column":26},"end":{"line":231,"column":1}}},"6":{"name":"(anonymous_6)","decl":{"start":{"line":236,"column":23},"end":{"line":236,"column":28}},"loc":{"start":{"line":244,"column":19},"end":{"line":299,"column":1}}}},"branchMap":{"0":{"loc":{"start":{"line":31,"column":2},"end":{"line":35,"column":3}},"type":"if","locations":[{"start":{"line":31,"column":2},"end":{"line":35,"column":3}}]},"1":{"loc":{"start":{"line":75,"column":8},"end":{"line":76,"column":74}},"type":"binary-expr","locations":[{"start":{"line":75,"column":8},"end":{"line":75,"column":71}},{"start":{"line":76,"column":8},"end":{"line":76,"column":74}}]},"2":{"loc":{"start":{"line":80,"column":4},"end":{"line":86,"column":5}},"type":"if","locations":[{"start":{"line":80,"column":4},"end":{"line":86,"column":5}}]},"3":{"loc":{"start":{"line":107,"column":2},"end":{"line":111,"column":3}},"type":"if","locations":[{"start":{"line":107,"column":2},"end":{"line":111,"column":3}}]}},"s":{"0":2,"1":2,"2":0,"3":0,"4":0,"5":2,"6":2,"7":0,"8":0,"9":0,"10":2,"11":2,"12":0,"13":0,"14":0,"15":0,"16":0,"17":0,"18":0,"19":0,"20":0,"21":2,"22":2,"23":0,"24":0,"25":0,"26":0,"27":0,"28":0,"29":2,"30":2,"31":0,"32":0,"33":0,"34":0,"35":0,"36":0,"37":0,"38":0,"39":0,"40":0,"41":0,"42":2,"43":0,"44":0,"45":0,"46":0,"47":0,"48":0,"49":0},"f":{"0":0,"1":0,"2":0,"3":0,"4":0,"5":0,"6":0},"b":{"0":[0],"1":[0,0],"2":[0],"3":[0]}}
,"/Users/luansilveira/dev/ai-coverage-improver/packages/github/src/repos.ts": {"path":"/Users/luansilveira/dev/ai-coverage-improver/packages/github/src/repos.ts","statementMap":{"0":{"start":{"line":12,"column":37},"end":{"line":33,"column":1}},"1":{"start":{"line":13,"column":19},"end":{"line":19,"column":4}},"2":{"start":{"line":21,"column":2},"end":{"line":23,"column":3}},"3":{"start":{"line":22,"column":4},"end":{"line":22,"column":76}},"4":{"start":{"line":25,"column":16},"end":{"line":25,"column":37}},"5":{"start":{"line":27,"column":2},"end":{"line":32,"column":6}},"6":{"start":{"line":27,"column":35},"end":{"line":32,"column":4}},"7":{"start":{"line":12,"column":13},"end":{"line":12,"column":37}},"8":{"start":{"line":38,"column":28},"end":{"line":44,"column":1}},"9":{"start":{"line":42,"column":16},"end":{"line":42,"column":56}},"10":{"start":{"line":43,"column":2},"end":{"line":43,"column":50}},"11":{"start":{"line":43,"column":30},"end":{"line":43,"column":48}},"12":{"start":{"line":38,"column":13},"end":{"line":38,"column":28}},"13":{"start":{"line":63,"column":32},"end":{"line":109,"column":1}},"14":{"start":{"line":70,"column":14},"end":{"line":70,"column":89}},"15":{"start":{"line":72,"column":19},"end":{"line":78,"column":4}},"16":{"start":{"line":81,"column":2},"end":{"line":83,"column":3}},"17":{"start":{"line":82,"column":4},"end":{"line":82,"column":16}},"18":{"start":{"line":86,"column":2},"end":{"line":91,"column":3}},"19":{"start":{"line":87,"column":22},"end":{"line":87,"column":43}},"20":{"start":{"line":88,"column":4},"end":{"line":90,"column":6}},"21":{"start":{"line":93,"column":15},"end":{"line":93,"column":36}},"22":{"start":{"line":96,"column":2},"end":{"line":98,"column":3}},"23":{"start":{"line":97,"column":4},"end":{"line":97,"column":16}},"24":{"start":{"line":101,"column":18},"end":{"line":101,"column":71}},"25":{"start":{"line":103,"column":2},"end":{"line":108,"column":4}},"26":{"start":{"line":63,"column":13},"end":{"line":63,"column":32}}},"fnMap":{"0":{"name":"(anonymous_0)","decl":{"start":{"line":12,"column":37},"end":{"line":12,"column":42}},"loc":{"start":{"line":12,"column":90},"end":{"line":33,"column":1}}},"1":{"name":"(anonymous_1)","decl":{"start":{"line":27,"column":19},"end":{"line":27,"column":20}},"loc":{"start":{"line":27,"column":35},"end":{"line":32,"column":4}}},"2":{"name":"(anonymous_2)","decl":{"start":{"line":38,"column":28},"end":{"line":38,"column":33}},"loc":{"start":{"line":38,"column":107},"end":{"line":44,"column":1}}},"3":{"name":"(anonymous_3)","decl":{"start":{"line":43,"column":20},"end":{"line":43,"column":21}},"loc":{"start":{"line":43,"column":30},"end":{"line":43,"column":48}}},"4":{"name":"(anonymous_4)","decl":{"start":{"line":63,"column":32},"end":{"line":63,"column":37}},"loc":{"start":{"line":69,"column":33},"end":{"line":109,"column":1}}}},"branchMap":{"0":{"loc":{"start":{"line":21,"column":2},"end":{"line":23,"column":3}},"type":"if","locations":[{"start":{"line":21,"column":2},"end":{"line":23,"column":3}}]},"1":{"loc":{"start":{"line":81,"column":2},"end":{"line":83,"column":3}},"type":"if","locations":[{"start":{"line":81,"column":2},"end":{"line":83,"column":3}}]},"2":{"loc":{"start":{"line":86,"column":2},"end":{"line":91,"column":3}},"type":"if","locations":[{"start":{"line":86,"column":2},"end":{"line":91,"column":3}}]},"3":{"loc":{"start":{"line":96,"column":2},"end":{"line":98,"column":3}},"type":"if","locations":[{"start":{"line":96,"column":2},"end":{"line":98,"column":3}}]}},"s":{"0":2,"1":0,"2":0,"3":0,"4":0,"5":0,"6":0,"7":2,"8":2,"9":0,"10":0,"11":0,"12":2,"13":2,"14":0,"15":0,"16":0,"17":0,"18":0,"19":0,"20":0,"21":0,"22":0,"23":0,"24":0,"25":0,"26":2},"f":{"0":0,"1":0,"2":0,"3":0,"4":0},"b":{"0":[0],"1":[0],"2":[0],"3":[0]}}
}
