TN:
SF:apps/backend/src/root.module.ts
FNF:0
FNH:0
DA:1,2
DA:2,2
DA:13,2
LF:3
LH:3
BRF:0
BRH:0
end_of_record
TN:
SF:apps/backend/src/api/api.module.ts
FNF:0
FNH:0
DA:1,2
DA:2,2
DA:3,2
DA:4,2
DA:5,2
DA:6,2
DA:7,2
DA:18,2
LF:8
LH:8
BRF:0
BRH:0
end_of_record
TN:
SF:apps/backend/src/api/http/controllers/auth.controller.ts
FN:8,(anonymous_4)
FN:18,(anonymous_5)
FN:32,(anonymous_6)
FNF:3
FNH:1
FNDA:2,(anonymous_4)
FNDA:0,(anonymous_5)
FNDA:0,(anonymous_6)
DA:1,2
DA:3,2
DA:4,2
DA:7,2
DA:9,2
DA:10,2
DA:12,2
DA:13,2
DA:14,2
DA:18,2
DA:23,0
DA:28,0
DA:32,2
DA:38,0
DA:44,0
LF:15
LH:11
BRF:0
BRH:0
end_of_record
TN:
SF:apps/backend/src/api/http/controllers/coverage.controller.ts
FN:7,(anonymous_4)
FN:12,(anonymous_5)
FNF:2
FNH:2
FNDA:2,(anonymous_4)
FNDA:1,(anonymous_5)
DA:1,2
DA:3,2
DA:6,2
DA:8,2
DA:12,2
DA:13,1
DA:14,1
DA:16,1
DA:17,1
DA:20,0
DA:25,0
DA:27,0
LF:12
LH:9
BRDA:16,0,0,1
BRF:1
BRH:1
end_of_record
TN:
SF:apps/backend/src/api/http/controllers/health.controller.ts
FN:6,(anonymous_2)
FNF:1
FNH:0
FNDA:0,(anonymous_2)
DA:1,2
DA:4,2
DA:6,2
DA:7,0
LF:4
LH:3
BRF:0
BRH:0
end_of_record
TN:
SF:apps/backend/src/api/http/controllers/improvements.controller.ts
FN:11,(anonymous_4)
FN:16,(anonymous_5)
FNF:2
FNH:2
FNDA:2,(anonymous_4)
FNDA:8,(anonymous_5)
DA:1,2
DA:2,2
DA:10,2
DA:12,2
DA:16,2
DA:21,8
DA:28,6
LF:7
LH:7
BRF:0
BRH:0
end_of_record
TN:
SF:apps/backend/src/api/http/controllers/repos.controller.ts
FN:7,(anonymous_4)
FN:12,(anonymous_5)
FNF:2
FNH:2
FNDA:2,(anonymous_4)
FNDA:1,(anonymous_5)
DA:1,2
DA:3,2
DA:6,2
DA:8,2
DA:12,2
DA:13,1
DA:14,1
DA:15,1
DA:17,1
DA:18,1
DA:21,0
DA:26,0
LF:12
LH:10
BRDA:17,0,0,1
BRDA:17,1,0,1
BRDA:17,1,1,0
BRF:3
BRH:2
end_of_record
TN:
SF:apps/backend/src/application/application.module.ts
FNF:0
FNH:0
DA:1,2
DA:2,2
DA:3,2
DA:4,2
DA:5,2
DA:6,2
DA:7,2
DA:8,2
DA:34,2
LF:9
LH:9
BRF:0
BRH:0
end_of_record
TN:
SF:apps/backend/src/application/operations/analyze-repository-coverage.operation.ts
FN:28,(anonymous_2)
FN:34,(anonymous_3)
FNF:2
FNH:1
FNDA:2,(anonymous_2)
FNDA:0,(anonymous_3)
DA:1,2
DA:2,2
DA:3,2
DA:4,2
DA:5,2
DA:6,2
DA:25,2
DA:26,2
DA:29,2
DA:30,2
DA:31,2
DA:36,0
DA:37,0
DA:38,0
DA:42,0
DA:43,0
DA:50,0
DA:51,0
DA:52,0
DA:59,0
DA:68,0
DA:77,0
LF:22
LH:11
BRDA:37,0,0,0
BRDA:50,1,0,0
BRDA:50,1,1,0
BRF:3
BRH:0
end_of_record
TN:
SF:apps/backend/src/application/operations/complete-github-auth.operation.ts
FN:27,(anonymous_2)
FN:32,(anonymous_3)
FNF:2
FNH:1
FNDA:2,(anonymous_2)
FNDA:0,(anonymous_3)
DA:1,2
DA:2,2
DA:3,2
DA:26,2
DA:28,2
DA:29,2
DA:33,0
DA:34,0
DA:36,0
DA:37,0
DA:40,0
DA:41,0
DA:43,0
DA:46,0
DA:48,0
DA:49,0
DA:56,0
DA:57,0
DA:62,0
DA:63,0
DA:64,0
DA:67,0
LF:22
LH:6
BRDA:33,0,0,0
BRDA:36,1,0,0
BRDA:48,2,0,0
BRDA:56,3,0,0
BRF:4
BRH:0
end_of_record
TN:
SF:apps/backend/src/application/operations/list-installation-repositories.operation.ts
FN:19,(anonymous_2)
FN:24,(anonymous_3)
FN:33,(anonymous_4)
FN:52,(anonymous_5)
FNF:4
FNH:1
FNDA:2,(anonymous_2)
FNDA:0,(anonymous_3)
FNDA:0,(anonymous_4)
FNDA:0,(anonymous_5)
DA:1,2
DA:2,2
DA:3,2
DA:4,2
DA:18,2
DA:20,2
DA:21,2
DA:25,0
DA:26,0
DA:29,0
DA:30,0
DA:32,0
DA:34,0
DA:42,0
DA:52,0
DA:53,0
LF:16
LH:7
BRDA:25,0,0,0
BRDA:39,1,0,0
BRDA:39,1,1,0
BRDA:48,2,0,0
BRDA:48,2,1,0
BRF:5
BRH:0
end_of_record
TN:
SF:apps/backend/src/application/operations/request-coverage-improvement.operation.ts
FN:26,(anonymous_2)
FN:32,(anonymous_3)
FNF:2
FNH:2
FNDA:2,(anonymous_2)
FNDA:8,(anonymous_3)
DA:1,2
DA:2,2
DA:3,2
DA:4,2
DA:5,2
DA:25,2
DA:27,2
DA:28,2
DA:29,2
DA:34,8
DA:35,1
DA:38,7
DA:41,7
DA:42,7
DA:43,1
DA:47,6
DA:50,6
DA:55,6
DA:57,1
DA:58,1
DA:62,5
DA:68,5
DA:71,5
DA:73,5
LF:24
LH:24
BRDA:34,0,0,1
BRDA:34,1,0,8
BRDA:34,1,1,7
BRDA:42,2,0,1
BRDA:55,3,0,1
BRF:5
BRH:5
end_of_record
TN:
SF:apps/backend/src/application/operations/run-coverage-improvement.operation.ts
FN:33,(anonymous_11)
FN:35,(anonymous_12)
FN:142,(anonymous_13)
FN:150,(anonymous_14)
FN:162,(anonymous_15)
FN:187,(anonymous_16)
FN:196,(anonymous_17)
FN:214,(anonymous_18)
FN:219,(anonymous_19)
FN:224,(anonymous_20)
FN:246,(anonymous_21)
FN:262,(anonymous_22)
FN:271,(anonymous_23)
FNF:13
FNH:1
FNDA:2,(anonymous_11)
FNDA:0,(anonymous_12)
FNDA:0,(anonymous_13)
FNDA:0,(anonymous_14)
FNDA:0,(anonymous_15)
FNDA:0,(anonymous_16)
FNDA:0,(anonymous_17)
FNDA:0,(anonymous_18)
FNDA:0,(anonymous_19)
FNDA:0,(anonymous_20)
FNDA:0,(anonymous_21)
FNDA:0,(anonymous_22)
FNDA:0,(anonymous_23)
DA:1,2
DA:2,2
DA:3,2
DA:4,2
DA:5,2
DA:6,2
DA:7,2
DA:8,2
DA:10,2
DA:32,2
DA:33,2
DA:37,0
DA:38,0
DA:39,0
DA:42,0
DA:57,0
DA:60,0
DA:61,0
DA:63,0
DA:65,0
DA:67,0
DA:70,0
DA:73,0
DA:78,0
DA:81,0
DA:84,0
DA:87,0
DA:90,0
DA:93,0
DA:96,0
DA:99,0
DA:108,0
DA:111,0
DA:112,0
DA:117,0
DA:119,0
DA:122,0
DA:125,0
DA:126,0
DA:131,0
DA:134,0
DA:135,0
DA:143,0
DA:144,0
DA:145,0
DA:147,0
DA:151,0
DA:152,0
DA:154,0
DA:167,0
DA:168,0
DA:169,0
DA:170,0
DA:173,0
DA:175,0
DA:179,0
DA:181,0
DA:188,0
DA:189,0
DA:190,0
DA:192,0
DA:197,0
DA:199,0
DA:200,0
DA:202,0
DA:205,0
DA:206,0
DA:209,0
DA:210,0
DA:215,0
DA:216,0
DA:220,0
DA:221,0
DA:230,0
DA:232,0
DA:233,0
DA:247,0
DA:248,0
DA:252,0
DA:257,0
DA:258,0
DA:263,0
DA:264,0
DA:265,0
DA:267,0
DA:272,0
DA:274,0
DA:287,0
DA:288,0
DA:291,0
DA:292,0
DA:295,0
DA:299,0
DA:302,0
DA:303,0
DA:306,0
DA:307,0
DA:310,0
DA:311,0
DA:314,0
LF:100
LH:11
BRDA:38,0,0,0
BRDA:134,1,0,0
BRDA:144,2,0,0
BRDA:169,3,0,0
BRDA:182,4,0,0
BRDA:182,4,1,0
BRDA:190,5,0,0
BRDA:190,5,1,0
BRDA:205,6,0,0
BRDA:209,7,0,0
BRDA:209,8,0,0
BRDA:209,8,1,0
BRDA:247,9,0,0
BRDA:247,10,0,0
BRDA:247,10,1,0
BRDA:252,11,0,0
BRDA:252,11,1,0
BRDA:252,11,2,0
BRDA:252,11,3,0
BRDA:257,12,0,0
BRDA:272,13,0,0
BRDA:272,13,1,0
BRDA:287,14,0,0
BRDA:287,15,0,0
BRDA:287,15,1,0
BRDA:291,16,0,0
BRDA:291,17,0,0
BRDA:291,17,1,0
BRDA:295,18,0,0
BRDA:296,19,0,0
BRDA:296,19,1,0
BRDA:302,20,0,0
BRDA:302,21,0,0
BRDA:302,21,1,0
BRDA:306,22,0,0
BRDA:306,23,0,0
BRDA:306,23,1,0
BRDA:310,24,0,0
BRDA:310,25,0,0
BRDA:310,25,1,0
BRF:40
BRH:0
end_of_record
TN:
SF:apps/backend/src/application/operations/start-github-auth.operation.ts
FN:20,(anonymous_2)
FN:22,(anonymous_3)
FNF:2
FNH:1
FNDA:2,(anonymous_2)
FNDA:0,(anonymous_3)
DA:1,2
DA:2,2
DA:19,2
DA:20,2
DA:23,0
DA:24,0
DA:25,0
DA:26,0
DA:27,0
DA:31,0
LF:10
LH:4
BRDA:24,0,0,0
BRDA:26,1,0,0
BRF:2
BRH:0
end_of_record
TN:
SF:apps/backend/src/domain/coverage-snapshot.ts
FN:7,(anonymous_0)
FN:19,(anonymous_1)
FN:20,(anonymous_2)
FN:26,(anonymous_3)
FN:28,(anonymous_4)
FN:35,(anonymous_5)
FNF:6
FNH:0
FNDA:0,(anonymous_0)
FNDA:0,(anonymous_1)
FNDA:0,(anonymous_2)
FNDA:0,(anonymous_3)
FNDA:0,(anonymous_4)
FNDA:0,(anonymous_5)
DA:6,2
DA:8,0
DA:9,0
DA:10,0
DA:11,0
DA:12,0
DA:13,0
DA:20,0
DA:27,0
DA:28,0
DA:29,0
DA:36,0
LF:12
LH:1
BRDA:13,0,0,0
BRDA:27,1,0,0
BRF:2
BRH:0
end_of_record
TN:
SF:apps/backend/src/domain/improvement-job.ts
FN:37,(anonymous_0)
FN:39,(anonymous_1)
FN:43,(anonymous_2)
FN:47,(anonymous_3)
FN:51,(anonymous_4)
FN:55,(anonymous_5)
FN:59,(anonymous_6)
FN:63,(anonymous_7)
FN:67,(anonymous_8)
FN:71,(anonymous_9)
FN:75,(anonymous_10)
FN:79,(anonymous_11)
FN:83,(anonymous_12)
FN:90,(anonymous_13)
FN:97,(anonymous_14)
FN:104,(anonymous_15)
FN:115,(anonymous_16)
FN:128,(anonymous_17)
FN:141,(anonymous_18)
FN:158,(anonymous_19)
FN:165,(anonymous_20)
FNF:21
FNH:5
FNDA:6,(anonymous_0)
FNDA:5,(anonymous_1)
FNDA:0,(anonymous_2)
FNDA:0,(anonymous_3)
FNDA:0,(anonymous_4)
FNDA:0,(anonymous_5)
FNDA:0,(anonymous_6)
FNDA:0,(anonymous_7)
FNDA:0,(anonymous_8)
FNDA:0,(anonymous_9)
FNDA:0,(anonymous_10)
FNDA:0,(anonymous_11)
FNDA:0,(anonymous_12)
FNDA:0,(anonymous_13)
FNDA:0,(anonymous_14)
FNDA:0,(anonymous_15)
FNDA:0,(anonymous_16)
FNDA:0,(anonymous_17)
FNDA:7,(anonymous_18)
FNDA:6,(anonymous_19)
FNDA:6,(anonymous_20)
DA:36,2
DA:37,6
DA:40,5
DA:44,0
DA:48,0
DA:52,0
DA:56,0
DA:60,0
DA:64,0
DA:68,0
DA:72,0
DA:76,0
DA:80,0
DA:84,0
DA:91,0
DA:98,0
DA:105,0
DA:106,0
DA:108,0
DA:109,0
DA:116,0
DA:117,0
DA:119,0
DA:120,0
DA:121,0
DA:122,0
DA:129,0
DA:130,0
DA:132,0
DA:133,0
DA:134,0
DA:135,0
DA:142,7
DA:143,0
DA:146,7
DA:147,0
DA:150,7
DA:151,0
DA:159,6
DA:166,6
LF:40
LH:8
BRDA:91,0,0,0
BRDA:91,0,1,0
BRDA:98,1,0,0
BRDA:98,1,1,0
BRDA:105,2,0,0
BRDA:116,3,0,0
BRDA:129,4,0,0
BRDA:142,5,0,0
BRDA:142,6,0,7
BRDA:142,6,1,7
BRDA:142,6,2,7
BRDA:146,7,0,0
BRDA:150,8,0,0
BRDA:159,9,0,0
BRDA:159,9,1,6
BRF:15
BRH:4
end_of_record
TN:
SF:apps/backend/src/domain/repository.ts
FN:6,(anonymous_0)
FN:15,(anonymous_1)
FN:27,(anonymous_2)
FN:31,(anonymous_3)
FNF:4
FNH:0
FNDA:0,(anonymous_0)
FNDA:0,(anonymous_1)
FNDA:0,(anonymous_2)
FNDA:0,(anonymous_3)
DA:5,2
DA:7,0
DA:8,0
DA:9,0
DA:10,0
DA:11,0
DA:12,0
DA:16,0
DA:17,0
DA:28,0
DA:32,0
LF:11
LH:1
BRF:0
BRH:0
end_of_record
TN:
SF:apps/backend/src/infrastructure/infrastructure.module.ts
FNF:0
FNH:0
DA:1,2
DA:2,2
DA:3,2
DA:4,2
DA:5,2
DA:6,2
DA:7,2
DA:8,2
DA:9,2
DA:10,2
DA:41,2
LF:11
LH:11
BRF:0
BRH:0
end_of_record
TN:
SF:apps/backend/src/infrastructure/db/coverage.repository.ts
FN:23,(anonymous_2)
FN:25,(anonymous_3)
FN:50,(anonymous_4)
FN:71,(anonymous_5)
FN:89,(anonymous_6)
FN:110,(anonymous_7)
FN:118,(anonymous_8)
FN:138,(anonymous_9)
FNF:8
FNH:1
FNDA:2,(anonymous_2)
FNDA:0,(anonymous_3)
FNDA:0,(anonymous_4)
FNDA:0,(anonymous_5)
FNDA:0,(anonymous_6)
FNDA:0,(anonymous_7)
FNDA:0,(anonymous_8)
FNDA:0,(anonymous_9)
DA:1,2
DA:3,2
DA:22,2
DA:23,2
DA:29,0
DA:39,0
DA:41,0
DA:50,0
DA:62,0
DA:71,0
DA:80,0
DA:89,0
DA:101,0
DA:110,0
DA:119,0
DA:127,0
DA:129,0
DA:138,0
LF:18
LH:4
BRDA:39,0,0,0
BRDA:70,1,0,0
BRDA:70,1,1,0
BRDA:109,2,0,0
BRDA:109,2,1,0
BRDA:127,3,0,0
BRDA:137,4,0,0
BRDA:137,4,1,0
BRF:8
BRH:0
end_of_record
TN:
SF:apps/backend/src/infrastructure/db/installation.repository.ts
FN:19,(anonymous_2)
FN:21,(anonymous_3)
FN:36,(anonymous_4)
FNF:3
FNH:1
FNDA:2,(anonymous_2)
FNDA:0,(anonymous_3)
FNDA:0,(anonymous_4)
DA:1,2
DA:2,2
DA:18,2
DA:19,2
DA:22,0
DA:37,0
DA:41,0
DA:43,0
LF:8
LH:4
BRDA:41,0,0,0
BRF:1
BRH:0
end_of_record
TN:
SF:apps/backend/src/infrastructure/db/job.repository.ts
FN:17,(anonymous_2)
FN:19,(anonymous_3)
FN:42,(anonymous_4)
FN:77,(anonymous_5)
FN:103,(anonymous_6)
FNF:5
FNH:3
FNDA:2,(anonymous_2)
FNDA:0,(anonymous_3)
FNDA:6,(anonymous_4)
FNDA:5,(anonymous_5)
FNDA:0,(anonymous_6)
DA:1,2
DA:3,2
DA:16,2
DA:17,2
DA:20,0
DA:24,0
DA:26,0
DA:46,6
DA:59,6
DA:61,1
DA:78,5
DA:87,5
DA:108,0
DA:123,0
LF:14
LH:9
BRDA:24,0,0,0
BRDA:31,1,0,0
BRDA:31,1,1,0
BRDA:33,2,0,0
BRDA:33,2,1,0
BRDA:34,3,0,0
BRDA:34,3,1,0
BRDA:35,4,0,0
BRDA:35,4,1,0
BRDA:36,5,0,0
BRDA:36,5,1,0
BRDA:37,6,0,0
BRDA:37,6,1,0
BRDA:38,7,0,0
BRDA:38,7,1,0
BRDA:59,8,0,5
BRDA:66,9,0,1
BRDA:66,9,1,0
BRDA:68,10,0,1
BRDA:68,10,1,1
BRDA:69,11,0,1
BRDA:69,11,1,1
BRDA:70,12,0,1
BRDA:70,12,1,1
BRDA:71,13,0,1
BRDA:71,13,1,1
BRDA:72,14,0,1
BRDA:72,14,1,1
BRDA:73,15,0,1
BRDA:73,15,1,1
BRDA:92,16,0,5
BRDA:92,16,1,0
BRDA:94,17,0,5
BRDA:94,17,1,5
BRDA:95,18,0,5
BRDA:95,18,1,5
BRDA:96,19,0,5
BRDA:96,19,1,5
BRDA:97,20,0,5
BRDA:97,20,1,5
BRDA:98,21,0,5
BRDA:98,21,1,5
BRDA:99,22,0,5
BRDA:99,22,1,5
BRDA:112,23,0,0
BRDA:112,23,1,0
BRDA:113,24,0,0
BRDA:113,24,1,0
BRDA:114,25,0,0
BRDA:114,25,1,0
BRDA:115,26,0,0
BRDA:115,26,1,0
BRDA:118,27,0,0
BRDA:118,27,1,0
BRDA:119,28,0,0
BRDA:119,28,1,0
BRDA:128,29,0,0
BRDA:128,29,1,0
BRDA:130,30,0,0
BRDA:130,30,1,0
BRDA:131,31,0,0
BRDA:131,31,1,0
BRDA:132,32,0,0
BRDA:132,32,1,0
BRDA:133,33,0,0
BRDA:133,33,1,0
BRDA:134,34,0,0
BRDA:134,34,1,0
BRDA:135,35,0,0
BRDA:135,35,1,0
BRF:70
BRH:27
end_of_record
TN:
SF:apps/backend/src/infrastructure/db/prisma.service.ts
FN:12,(anonymous_11)
FN:23,(anonymous_12)
FN:28,(anonymous_13)
FNF:3
FNH:3
FNDA:2,(anonymous_11)
FNDA:2,(anonymous_12)
FNDA:2,(anonymous_13)
DA:1,2
DA:2,2
DA:3,2
DA:11,2
DA:13,2
DA:14,2
DA:24,2
DA:25,2
DA:29,2
DA:30,2
LF:10
LH:10
BRDA:17,0,0,2
BRDA:17,0,1,0
BRF:2
BRH:1
end_of_record
TN:
SF:apps/backend/src/infrastructure/db/repository.repository.ts
FN:28,(anonymous_2)
FN:30,(anonymous_3)
FN:62,(anonymous_4)
FN:79,(anonymous_5)
FNF:4
FNH:2
FNDA:2,(anonymous_2)
FNDA:0,(anonymous_3)
FNDA:7,(anonymous_4)
FNDA:0,(anonymous_5)
DA:1,2
DA:2,2
DA:27,2
DA:28,2
DA:31,0
DA:52,0
DA:63,7
DA:67,7
DA:69,6
DA:84,0
DA:94,0
DA:96,0
LF:12
LH:7
BRDA:44,0,0,0
BRDA:44,0,1,0
BRDA:48,1,0,0
BRDA:48,1,1,0
BRDA:67,2,0,1
BRDA:94,3,0,0
BRF:6
BRH:1
end_of_record
TN:
SF:apps/backend/src/infrastructure/github/auth.adapter.ts
FN:29,(anonymous_1)
FN:33,(anonymous_2)
FN:37,(anonymous_3)
FN:41,(anonymous_4)
FN:47,(anonymous_5)
FN:64,(anonymous_6)
FN:70,(anonymous_7)
FN:97,(anonymous_8)
FN:116,(anonymous_9)
FNF:9
FNH:0
FNDA:0,(anonymous_1)
FNDA:0,(anonymous_2)
FNDA:0,(anonymous_3)
FNDA:0,(anonymous_4)
FNDA:0,(anonymous_5)
FNDA:0,(anonymous_6)
FNDA:0,(anonymous_7)
FNDA:0,(anonymous_8)
FNDA:0,(anonymous_9)
DA:1,2
DA:2,2
DA:28,2
DA:30,0
DA:34,0
DA:38,0
DA:42,0
DA:43,0
DA:48,0
DA:49,0
DA:51,0
DA:52,0
DA:60,0
DA:61,0
DA:65,0
DA:66,0
DA:71,0
DA:72,0
DA:84,0
DA:85,0
DA:86,0
DA:87,0
DA:90,0
DA:91,0
DA:92,0
DA:94,0
DA:98,0
DA:105,0
DA:106,0
DA:109,0
DA:110,0
DA:120,0
DA:127,0
DA:129,0
DA:132,0
DA:133,0
DA:134,0
DA:135,0
DA:138,0
LF:39
LH:3
BRDA:30,0,0,0
BRDA:30,0,1,0
BRDA:34,1,0,0
BRDA:34,1,1,0
BRDA:38,2,0,0
BRDA:38,2,1,0
BRDA:42,3,0,0
BRDA:42,4,0,0
BRDA:42,4,1,0
BRDA:65,5,0,0
BRDA:65,6,0,0
BRDA:65,6,1,0
BRDA:85,7,0,0
BRDA:85,8,0,0
BRDA:85,8,1,0
BRDA:86,9,0,0
BRDA:86,9,1,0
BRDA:105,10,0,0
BRDA:127,11,0,0
BRDA:133,12,0,0
BRDA:133,12,1,0
BRDA:134,13,0,0
BRDA:140,14,0,0
BRDA:140,14,1,0
BRDA:141,15,0,0
BRDA:141,15,1,0
BRF:26
BRH:0
end_of_record
TN:
SF:apps/backend/src/infrastructure/github/coverage-source.adapter.ts
FN:26,(anonymous_1)
FN:39,(anonymous_2)
FN:70,(anonymous_3)
FNF:3
FNH:0
FNDA:0,(anonymous_1)
FNDA:0,(anonymous_2)
FNDA:0,(anonymous_3)
DA:1,2
DA:2,2
DA:9,2
DA:11,2
DA:31,0
DA:33,0
DA:34,0
DA:38,0
DA:40,0
DA:45,0
DA:46,0
DA:47,0
DA:49,0
DA:50,0
DA:51,0
DA:53,0
DA:61,0
DA:71,0
LF:18
LH:4
BRDA:33,0,0,0
BRDA:33,1,0,0
BRDA:33,1,1,0
BRDA:49,2,0,0
BRDA:49,3,0,0
BRDA:49,3,1,0
BRDA:71,4,0,0
BRDA:71,4,1,0
BRF:8
BRH:0
end_of_record
TN:
SF:apps/backend/src/infrastructure/github/repos.adapter.ts
FN:11,(anonymous_1)
FN:15,(anonymous_2)
FN:18,(anonymous_3)
FNF:3
FNH:0
FNDA:0,(anonymous_1)
FNDA:0,(anonymous_2)
FNDA:0,(anonymous_3)
DA:1,2
DA:2,2
DA:3,2
DA:10,2
DA:12,0
DA:13,0
DA:14,0
DA:15,0
DA:19,0
DA:20,0
LF:10
LH:4
BRDA:20,0,0,0
BRDA:20,0,1,0
BRF:2
BRH:0
end_of_record
TN:
SF:apps/backend/src/infrastructure/queue/index.ts
FN:19,(anonymous_2)
FN:27,(anonymous_3)
FN:43,(anonymous_4)
FN:53,(anonymous_5)
FNF:4
FNH:2
FNDA:2,(anonymous_2)
FNDA:5,(anonymous_3)
FNDA:0,(anonymous_4)
FNDA:0,(anonymous_5)
DA:1,2
DA:2,2
DA:18,2
DA:19,2
DA:28,5
DA:46,0
DA:54,0
LF:7
LH:5
BRF:0
BRH:0
end_of_record
TN:
SF:packages/coverage/src/parser.ts
FN:21,(anonymous_0)
FN:23,(anonymous_1)
FN:25,(anonymous_2)
FN:41,(anonymous_3)
FN:52,(anonymous_4)
FN:58,(anonymous_5)
FN:85,(anonymous_6)
FNF:7
FNH:0
FNDA:0,(anonymous_0)
FNDA:0,(anonymous_1)
FNDA:0,(anonymous_2)
FNDA:0,(anonymous_3)
FNDA:0,(anonymous_4)
FNDA:0,(anonymous_5)
FNDA:0,(anonymous_6)
DA:21,2
DA:23,2
DA:25,2
DA:31,0
DA:32,0
DA:34,0
DA:41,2
DA:46,0
DA:47,0
DA:49,0
DA:52,2
DA:53,0
DA:54,0
DA:55,0
DA:56,0
DA:58,0
DA:59,0
DA:60,0
DA:61,0
DA:62,0
DA:63,0
DA:64,0
DA:67,0
DA:68,0
DA:69,0
DA:70,0
DA:71,0
DA:72,0
DA:73,0
DA:74,0
DA:75,0
DA:76,0
DA:77,0
DA:80,0
DA:82,0
DA:85,2
DA:86,0
DA:87,0
DA:89,0
DA:90,0
DA:91,0
DA:93,0
DA:98,0
DA:99,0
DA:102,0
LF:45
LH:6
BRDA:21,0,0,0
BRDA:21,0,1,0
BRDA:31,1,0,0
BRDA:44,2,0,0
BRDA:46,3,0,0
BRDA:59,4,0,0
BRDA:59,5,0,0
BRDA:59,5,1,0
BRDA:69,6,0,0
BRDA:69,6,1,0
BRDA:72,7,0,0
BRDA:72,7,1,0
BRDA:73,8,0,0
BRDA:73,8,1,0
BRDA:74,9,0,0
BRDA:74,9,1,0
BRDA:75,10,0,0
BRDA:75,10,1,0
BRDA:76,11,0,0
BRDA:90,12,0,0
BRDA:90,13,0,0
BRDA:90,13,1,0
BRDA:91,14,0,0
BRDA:91,14,1,0
BRDA:93,15,0,0
BRDA:93,15,1,0
BRDA:95,16,0,0
BRDA:95,16,1,0
BRDA:95,17,0,0
BRDA:95,17,1,0
BRDA:98,18,0,0
BRDA:98,19,0,0
BRDA:98,19,1,0
BRF:33
BRH:0
end_of_record
TN:
SF:packages/github/src/pr.ts
FN:29,(anonymous_0)
FN:49,(anonymous_1)
FN:58,(anonymous_2)
FN:73,(anonymous_3)
FN:98,(anonymous_4)
FN:120,(anonymous_5)
FN:236,(anonymous_6)
FNF:7
FNH:0
FNDA:0,(anonymous_0)
FNDA:0,(anonymous_1)
FNDA:0,(anonymous_2)
FNDA:0,(anonymous_3)
FNDA:0,(anonymous_4)
FNDA:0,(anonymous_5)
FNDA:0,(anonymous_6)
DA:1,2
DA:29,2
DA:31,0
DA:32,0
DA:43,0
DA:49,2
DA:50,0
DA:51,0
DA:52,0
DA:58,2
DA:64,0
DA:65,0
DA:73,0
DA:74,0
DA:80,0
DA:81,0
DA:88,0
DA:90,0
DA:91,0
DA:98,2
DA:102,0
DA:105,0
DA:107,0
DA:109,0
DA:110,0
DA:114,0
DA:120,2
DA:130,0
DA:133,0
DA:138,0
DA:141,0
DA:149,0
DA:157,0
DA:164,0
DA:179,0
DA:188,0
DA:196,0
DA:226,0
DA:236,2
DA:246,0
DA:251,0
DA:254,0
DA:262,0
DA:269,0
DA:284,0
DA:293,0
LF:46
LH:7
BRDA:31,0,0,0
BRDA:75,1,0,0
BRDA:75,1,1,0
BRDA:80,2,0,0
BRDA:107,3,0,0
BRF:5
BRH:0
end_of_record
TN:
SF:packages/github/src/repos.ts
FN:12,(anonymous_0)
FN:27,(anonymous_1)
FN:38,(anonymous_2)
FN:43,(anonymous_3)
FN:63,(anonymous_4)
FNF:5
FNH:0
FNDA:0,(anonymous_0)
FNDA:0,(anonymous_1)
FNDA:0,(anonymous_2)
FNDA:0,(anonymous_3)
FNDA:0,(anonymous_4)
DA:12,2
DA:13,0
DA:21,0
DA:22,0
DA:25,0
DA:27,0
DA:38,2
DA:42,0
DA:43,0
DA:63,2
DA:70,0
DA:72,0
DA:81,0
DA:82,0
DA:86,0
DA:87,0
DA:88,0
DA:93,0
DA:96,0
DA:97,0
DA:101,0
DA:103,0
LF:22
LH:3
BRDA:21,0,0,0
BRDA:81,1,0,0
BRDA:86,2,0,0
BRDA:96,3,0,0
BRF:4
BRH:0
end_of_record
